<?xml version="1.0" encoding="UTF-8"?>
<!-- Generated by org.testng.reporters.JUnitXMLReporter -->
<testsuite ignored="2" hostname="ASV" failures="0" tests="7" name="RegressionTests" time="28.525" errors="0" timestamp="2026-04-12T13:42:12 IST">
  <testcase classname="com.orange.tests.LoginTest" name="verifyLoginPage" time="0.582"/>
  <testcase classname="com.orange.tests.DashboardTest" name="verifyDashboardScrollable" time="0.069"/>
  <testcase classname="com.orange.tests.TimeTest" name="verifyAllElementsPresent" time="0.612"/>
  <testcase classname="com.orange.tests.LoginTest" name="verifyLoginSuccess" time="2.914"/>
  <testcase classname="com.orange.tests.DashboardTest" name="verifyTimeClickable" time="2.126"/>
  <testcase classname="com.orange.tests.TimeTest" name="verifyMyRecords" time="2.404"/>
  <testcase classname="com.orange.tests.TimeTest" name="verifyTimePageLoaded" time="0.627"/>
  <testcase classname="com.orange.base.BaseTest" name="@BeforeSuite setUpConfig" time="0.0">
    <ignored/>
  </testcase> <!-- @BeforeSuite setUpConfig -->
  <testcase classname="com.orange.base.BaseTest" name="@BeforeSuite setUpConfig" time="0.0">
    <ignored/>
  </testcase> <!-- @BeforeSuite setUpConfig -->
</testsuite> <!-- RegressionTests -->
