<?xml version="1.0" encoding="UTF-8"?>
<!-- Generated by org.testng.reporters.JUnitXMLReporter -->
<testsuite ignored="4" hostname="ASV" failures="0" tests="14" name="RegressionTests" time="78.119" errors="0" timestamp="2026-04-12T14:56:34 IST">
  <testcase classname="com.orange.tests.LoginTest" name="verifyLoginPage" time="0.633"/>
  <testcase classname="com.orange.tests.DashboardTest" name="verifyDashboardScrollable" time="0.09"/>
  <testcase classname="com.orange.tests.TimeTest" name="verifyAllElementsPresent" time="0.637"/>
  <testcase classname="com.orange.tests.LoginTest" name="verifyLoginSuccess" time="2.881"/>
  <testcase classname="com.orange.tests.DashboardTest" name="verifyTimeClickable" time="2.833"/>
  <testcase classname="com.orange.tests.RecruitmentTest" name="verifyRecruitementPageLoaded" time="0.877"/>
  <testcase classname="com.orange.tests.TimeTest" name="verifyMyRecords" time="3.736"/>
  <testcase classname="com.orange.tests.TimeTest" name="verifyTimePageLoaded" time="1.043"/>
  <testcase classname="com.orange.tests.RecruitmentTest" name="verifySearchCandidate" time="3.174"/>
  <testcase classname="com.orange.tests.AddCandidateTest" name="verifyAddCandidate" time="2.862"/>
  <testcase classname="com.orange.tests.AddCandidateTest" name="verifyAddCandidate" time="1.67"/>
  <testcase classname="com.orange.tests.AddCandidateTest" name="verifyAddCandidate" time="1.497"/>
  <testcase classname="com.orange.tests.AddCandidateTest" name="verifyAddCandidate" time="2.205"/>
  <testcase classname="com.orange.tests.AddCandidateTest" name="verifyAddCandidatePage" time="0.603"/>
  <testcase classname="com.orange.base.BaseTest" name="@BeforeSuite setUpConfig" time="0.0">
    <ignored/>
  </testcase> <!-- @BeforeSuite setUpConfig -->
  <testcase classname="com.orange.base.BaseTest" name="@BeforeSuite setUpConfig" time="0.0">
    <ignored/>
  </testcase> <!-- @BeforeSuite setUpConfig -->
  <testcase classname="com.orange.base.BaseTest" name="@BeforeSuite setUpConfig" time="0.0">
    <ignored/>
  </testcase> <!-- @BeforeSuite setUpConfig -->
  <testcase classname="com.orange.base.BaseTest" name="@BeforeSuite setUpConfig" time="0.0">
    <ignored/>
  </testcase> <!-- @BeforeSuite setUpConfig -->
</testsuite> <!-- RegressionTests -->
