<?xml version="1.0" encoding="UTF-8"?>
<!-- Generated by org.testng.reporters.JUnitXMLReporter -->
<testsuite ignored="1" hostname="ASV" failures="0" tests="1" name="SmokeTests" time="21.689" errors="0" timestamp="2026-04-02T00:18:43 IST">
  <testcase classname="com.orange.tests.LoginTest" name="verifyLoginSuccess" time="16.059"/>
  <testcase classname="com.orange.tests.LoginTest" name="verifyLoginPage" time="0.0">
    <ignored/>
  </testcase> <!-- verifyLoginPage -->
</testsuite> <!-- SmokeTests -->
