<?xml version="1.0" encoding="UTF-8"?>
<!-- Generated by org.testng.reporters.JUnitXMLReporter -->
<testsuite ignored="1" hostname="ASV" failures="0" tests="1" name="SmokeTests" time="19.245" errors="0" timestamp="2026-03-29T17:03:40 IST">
  <testcase classname="com.orange.tests.LoginTest" name="verifyLoginSuccess" time="4.535"/>
  <testcase classname="com.orange.tests.LoginTest" name="verifyLoginPage" time="0.0">
    <ignored/>
  </testcase> <!-- verifyLoginPage -->
</testsuite> <!-- SmokeTests -->
