<?xml version="1.0" encoding="UTF-8"?>
<!-- Generated by org.testng.reporters.JUnitXMLReporter -->
<testsuite ignored="0" hostname="ASV" failures="0" tests="4" name="Default test" time="58.49" errors="0" timestamp="2026-04-03T16:52:49 IST">
  <testcase classname="com.orange.tests.AddCandidateTest" name="verifyAddCandidate" time="1.89"/>
  <testcase classname="com.orange.tests.AddCandidateTest" name="verifyAddCandidate" time="1.665"/>
  <testcase classname="com.orange.tests.AddCandidateTest" name="verifyAddCandidate" time="1.756"/>
  <testcase classname="com.orange.tests.AddCandidateTest" name="verifyAddCandidate" time="2.192"/>
</testsuite> <!-- Default test -->
