<?xml version="1.0" encoding="UTF-8"?>
<testng-results ignored="0" total="14" passed="14" failed="0" skipped="0">
  <reporter-output>
  </reporter-output>
  <suite started-at="2026-04-12T15:13:44 IST" name="RegressionSuite" finished-at="2026-04-12T15:15:00 IST" duration-ms="75878">
    <groups>
    </groups>
    <test started-at="2026-04-12T15:13:44 IST" name="RegressionTests" finished-at="2026-04-12T15:15:00 IST" duration-ms="75878">
      <class name="com.orange.tests.LoginTest">
        <test-method is-config="true" signature="setUpConfig()[pri:0, instance:com.orange.tests.LoginTest@3af9c5b7]" started-at="2026-04-12T15:13:44 IST" name="setUpConfig" finished-at="2026-04-12T15:13:44 IST" duration-ms="16" status="PASS">
          <reporter-output>
          </reporter-output>
        </test-method> <!-- setUpConfig -->
        <test-method is-config="true" signature="setDriver(org.testng.ITestContext)[pri:0, instance:com.orange.tests.LoginTest@3af9c5b7]" started-at="2026-04-12T15:13:44 IST" name="setDriver" finished-at="2026-04-12T15:13:50 IST" duration-ms="5848" status="PASS">
          <params>
            <param index="0">
              <value>
                <![CDATA[org.testng.TestRunner@4b0d79fc]]>
              </value>
            </param>
          </params>
          <reporter-output>
          </reporter-output>
        </test-method> <!-- setDriver -->
        <test-method signature="verifyLoginPage()[pri:0, instance:com.orange.tests.LoginTest@3af9c5b7]" started-at="2026-04-12T15:13:50 IST" name="verifyLoginPage" description="Verify loginpage is displayed when URL is loaded" finished-at="2026-04-12T15:13:51 IST" duration-ms="660" status="PASS">
          <reporter-output>
          </reporter-output>
        </test-method> <!-- verifyLoginPage -->
        <test-method is-config="true" signature="quitDriver()[pri:0, instance:com.orange.tests.LoginTest@3af9c5b7]" started-at="2026-04-12T15:13:51 IST" name="quitDriver" finished-at="2026-04-12T15:13:51 IST" duration-ms="213" status="PASS">
          <reporter-output>
          </reporter-output>
        </test-method> <!-- quitDriver -->
        <test-method is-config="true" signature="setDriver(org.testng.ITestContext)[pri:0, instance:com.orange.tests.LoginTest@3af9c5b7]" started-at="2026-04-12T15:13:51 IST" name="setDriver" finished-at="2026-04-12T15:13:55 IST" duration-ms="4016" status="PASS">
          <params>
            <param index="0">
              <value>
                <![CDATA[org.testng.TestRunner@4b0d79fc]]>
              </value>
            </param>
          </params>
          <reporter-output>
          </reporter-output>
        </test-method> <!-- setDriver -->
        <test-method signature="verifyLoginSuccess()[pri:0, instance:com.orange.tests.LoginTest@3af9c5b7]" started-at="2026-04-12T15:13:55 IST" name="verifyLoginSuccess" description="Verify login works successfully and goes to dashboardpage" finished-at="2026-04-12T15:13:58 IST" duration-ms="2830" status="PASS">
          <reporter-output>
          </reporter-output>
        </test-method> <!-- verifyLoginSuccess -->
        <test-method is-config="true" signature="quitDriver()[pri:0, instance:com.orange.tests.LoginTest@3af9c5b7]" started-at="2026-04-12T15:13:58 IST" name="quitDriver" finished-at="2026-04-12T15:13:58 IST" duration-ms="196" status="PASS">
          <reporter-output>
          </reporter-output>
        </test-method> <!-- quitDriver -->
      </class> <!-- com.orange.tests.LoginTest -->
      <class name="com.orange.tests.DashboardTest">
        <test-method is-config="true" signature="setDriver(org.testng.ITestContext)[pri:0, instance:com.orange.tests.DashboardTest@6ab778a]" started-at="2026-04-12T15:13:44 IST" name="setDriver" finished-at="2026-04-12T15:13:50 IST" duration-ms="5721" status="PASS">
          <params>
            <param index="0">
              <value>
                <![CDATA[org.testng.TestRunner@4b0d79fc]]>
              </value>
            </param>
          </params>
          <reporter-output>
          </reporter-output>
        </test-method> <!-- setDriver -->
        <test-method is-config="true" signature="setUpDashboard()[pri:0, instance:com.orange.tests.DashboardTest@6ab778a]" started-at="2026-04-12T15:13:50 IST" name="setUpDashboard" finished-at="2026-04-12T15:13:53 IST" duration-ms="2872" status="PASS">
          <reporter-output>
          </reporter-output>
        </test-method> <!-- setUpDashboard -->
        <test-method signature="verifyDashboardScrollable()[pri:0, instance:com.orange.tests.DashboardTest@6ab778a]" started-at="2026-04-12T15:13:53 IST" name="verifyDashboardScrollable" description="Verify user is able to scroll to bottem in dashboard page" finished-at="2026-04-12T15:13:53 IST" duration-ms="67" status="PASS">
          <reporter-output>
          </reporter-output>
        </test-method> <!-- verifyDashboardScrollable -->
        <test-method is-config="true" signature="quitDriver()[pri:0, instance:com.orange.tests.DashboardTest@6ab778a]" started-at="2026-04-12T15:13:53 IST" name="quitDriver" finished-at="2026-04-12T15:13:53 IST" duration-ms="200" status="PASS">
          <reporter-output>
          </reporter-output>
        </test-method> <!-- quitDriver -->
        <test-method is-config="true" signature="setDriver(org.testng.ITestContext)[pri:0, instance:com.orange.tests.DashboardTest@6ab778a]" started-at="2026-04-12T15:13:53 IST" name="setDriver" finished-at="2026-04-12T15:13:57 IST" duration-ms="3530" status="PASS">
          <params>
            <param index="0">
              <value>
                <![CDATA[org.testng.TestRunner@4b0d79fc]]>
              </value>
            </param>
          </params>
          <reporter-output>
          </reporter-output>
        </test-method> <!-- setDriver -->
        <test-method is-config="true" signature="setUpDashboard()[pri:0, instance:com.orange.tests.DashboardTest@6ab778a]" started-at="2026-04-12T15:13:57 IST" name="setUpDashboard" finished-at="2026-04-12T15:14:00 IST" duration-ms="2986" status="PASS">
          <reporter-output>
          </reporter-output>
        </test-method> <!-- setUpDashboard -->
        <test-method signature="verifyTimeClickable()[pri:0, instance:com.orange.tests.DashboardTest@6ab778a]" started-at="2026-04-12T15:14:00 IST" name="verifyTimeClickable" description="Verify time button is clicking navigating to Timepage" finished-at="2026-04-12T15:14:02 IST" duration-ms="1952" status="PASS">
          <reporter-output>
          </reporter-output>
        </test-method> <!-- verifyTimeClickable -->
        <test-method is-config="true" signature="quitDriver()[pri:0, instance:com.orange.tests.DashboardTest@6ab778a]" started-at="2026-04-12T15:14:02 IST" name="quitDriver" finished-at="2026-04-12T15:14:02 IST" duration-ms="182" status="PASS">
          <reporter-output>
          </reporter-output>
        </test-method> <!-- quitDriver -->
      </class> <!-- com.orange.tests.DashboardTest -->
      <class name="com.orange.tests.RecruitmentTest">
        <test-method is-config="true" signature="setDriver(org.testng.ITestContext)[pri:0, instance:com.orange.tests.RecruitmentTest@5609159b]" started-at="2026-04-12T15:13:58 IST" name="setDriver" finished-at="2026-04-12T15:14:01 IST" duration-ms="3307" status="PASS">
          <params>
            <param index="0">
              <value>
                <![CDATA[org.testng.TestRunner@4b0d79fc]]>
              </value>
            </param>
          </params>
          <reporter-output>
          </reporter-output>
        </test-method> <!-- setDriver -->
        <test-method is-config="true" signature="setUpRecruitmentPage()[pri:0, instance:com.orange.tests.RecruitmentTest@5609159b]" started-at="2026-04-12T15:14:01 IST" name="setUpRecruitmentPage" finished-at="2026-04-12T15:14:05 IST" duration-ms="3683" status="PASS">
          <reporter-output>
          </reporter-output>
        </test-method> <!-- setUpRecruitmentPage -->
        <test-method signature="verifyRecruitementPageLoaded()[pri:0, instance:com.orange.tests.RecruitmentTest@5609159b]" started-at="2026-04-12T15:14:05 IST" name="verifyRecruitementPageLoaded" finished-at="2026-04-12T15:14:06 IST" duration-ms="626" status="PASS">
          <reporter-output>
          </reporter-output>
        </test-method> <!-- verifyRecruitementPageLoaded -->
        <test-method is-config="true" signature="quitDriver()[pri:0, instance:com.orange.tests.RecruitmentTest@5609159b]" started-at="2026-04-12T15:14:06 IST" name="quitDriver" finished-at="2026-04-12T15:14:06 IST" duration-ms="191" status="PASS">
          <reporter-output>
          </reporter-output>
        </test-method> <!-- quitDriver -->
        <test-method is-config="true" signature="setDriver(org.testng.ITestContext)[pri:0, instance:com.orange.tests.RecruitmentTest@5609159b]" started-at="2026-04-12T15:14:06 IST" name="setDriver" finished-at="2026-04-12T15:14:10 IST" duration-ms="3770" status="PASS">
          <params>
            <param index="0">
              <value>
                <![CDATA[org.testng.TestRunner@4b0d79fc]]>
              </value>
            </param>
          </params>
          <reporter-output>
          </reporter-output>
        </test-method> <!-- setDriver -->
        <test-method is-config="true" signature="setUpRecruitmentPage()[pri:0, instance:com.orange.tests.RecruitmentTest@5609159b]" started-at="2026-04-12T15:14:10 IST" name="setUpRecruitmentPage" finished-at="2026-04-12T15:14:14 IST" duration-ms="4167" status="PASS">
          <reporter-output>
          </reporter-output>
        </test-method> <!-- setUpRecruitmentPage -->
        <test-method signature="verifySearchCandidate()[pri:0, instance:com.orange.tests.RecruitmentTest@5609159b]" started-at="2026-04-12T15:14:14 IST" name="verifySearchCandidate" finished-at="2026-04-12T15:14:27 IST" depends-on-methods="com.orange.tests.RecruitmentTest.verifyRecruitementPageLoaded" duration-ms="12913" status="PASS">
          <reporter-output>
          </reporter-output>
        </test-method> <!-- verifySearchCandidate -->
        <test-method is-config="true" signature="quitDriver()[pri:0, instance:com.orange.tests.RecruitmentTest@5609159b]" started-at="2026-04-12T15:14:27 IST" name="quitDriver" finished-at="2026-04-12T15:14:29 IST" duration-ms="1914" status="PASS">
          <reporter-output>
          </reporter-output>
        </test-method> <!-- quitDriver -->
      </class> <!-- com.orange.tests.RecruitmentTest -->
      <class name="com.orange.tests.TimeTest">
        <test-method is-config="true" signature="setDriver(org.testng.ITestContext)[pri:0, instance:com.orange.tests.TimeTest@313b2ea6]" started-at="2026-04-12T15:13:44 IST" name="setDriver" finished-at="2026-04-12T15:13:50 IST" duration-ms="5634" status="PASS">
          <params>
            <param index="0">
              <value>
                <![CDATA[org.testng.TestRunner@4b0d79fc]]>
              </value>
            </param>
          </params>
          <reporter-output>
          </reporter-output>
        </test-method> <!-- setDriver -->
        <test-method is-config="true" signature="setUpTimePage()[pri:0, instance:com.orange.tests.TimeTest@313b2ea6]" started-at="2026-04-12T15:13:50 IST" name="setUpTimePage" finished-at="2026-04-12T15:13:55 IST" duration-ms="4781" status="PASS">
          <reporter-output>
          </reporter-output>
        </test-method> <!-- setUpTimePage -->
        <test-method signature="verifyAllElementsPresent()[pri:0, instance:com.orange.tests.TimeTest@313b2ea6]" started-at="2026-04-12T15:13:55 IST" name="verifyAllElementsPresent" description="Verify all the UI elements are shown in page" finished-at="2026-04-12T15:13:55 IST" duration-ms="637" status="PASS">
          <reporter-output>
          </reporter-output>
        </test-method> <!-- verifyAllElementsPresent -->
        <test-method is-config="true" signature="quitDriver()[pri:0, instance:com.orange.tests.TimeTest@313b2ea6]" started-at="2026-04-12T15:13:55 IST" name="quitDriver" finished-at="2026-04-12T15:13:56 IST" duration-ms="173" status="PASS">
          <reporter-output>
          </reporter-output>
        </test-method> <!-- quitDriver -->
        <test-method is-config="true" signature="setDriver(org.testng.ITestContext)[pri:0, instance:com.orange.tests.TimeTest@313b2ea6]" started-at="2026-04-12T15:13:56 IST" name="setDriver" finished-at="2026-04-12T15:13:59 IST" duration-ms="3436" status="PASS">
          <params>
            <param index="0">
              <value>
                <![CDATA[org.testng.TestRunner@4b0d79fc]]>
              </value>
            </param>
          </params>
          <reporter-output>
          </reporter-output>
        </test-method> <!-- setDriver -->
        <test-method is-config="true" signature="setUpTimePage()[pri:0, instance:com.orange.tests.TimeTest@313b2ea6]" started-at="2026-04-12T15:13:59 IST" name="setUpTimePage" finished-at="2026-04-12T15:14:03 IST" duration-ms="4181" status="PASS">
          <reporter-output>
          </reporter-output>
        </test-method> <!-- setUpTimePage -->
        <test-method signature="verifyMyRecords()[pri:0, instance:com.orange.tests.TimeTest@313b2ea6]" started-at="2026-04-12T15:14:03 IST" name="verifyMyRecords" description="Verify my records option is clickable" finished-at="2026-04-12T15:14:06 IST" duration-ms="2366" status="PASS">
          <reporter-output>
          </reporter-output>
        </test-method> <!-- verifyMyRecords -->
        <test-method is-config="true" signature="quitDriver()[pri:0, instance:com.orange.tests.TimeTest@313b2ea6]" started-at="2026-04-12T15:14:06 IST" name="quitDriver" finished-at="2026-04-12T15:14:06 IST" duration-ms="199" status="PASS">
          <reporter-output>
          </reporter-output>
        </test-method> <!-- quitDriver -->
        <test-method is-config="true" signature="setDriver(org.testng.ITestContext)[pri:0, instance:com.orange.tests.TimeTest@313b2ea6]" started-at="2026-04-12T15:14:06 IST" name="setDriver" finished-at="2026-04-12T15:14:09 IST" duration-ms="3083" status="PASS">
          <params>
            <param index="0">
              <value>
                <![CDATA[org.testng.TestRunner@4b0d79fc]]>
              </value>
            </param>
          </params>
          <reporter-output>
          </reporter-output>
        </test-method> <!-- setDriver -->
        <test-method is-config="true" signature="setUpTimePage()[pri:0, instance:com.orange.tests.TimeTest@313b2ea6]" started-at="2026-04-12T15:14:09 IST" name="setUpTimePage" finished-at="2026-04-12T15:14:13 IST" duration-ms="4425" status="PASS">
          <reporter-output>
          </reporter-output>
        </test-method> <!-- setUpTimePage -->
        <test-method signature="verifyTimePageLoaded()[pri:0, instance:com.orange.tests.TimeTest@313b2ea6]" started-at="2026-04-12T15:14:13 IST" name="verifyTimePageLoaded" description="Verify timepage loaded successfully" finished-at="2026-04-12T15:14:14 IST" duration-ms="620" status="PASS">
          <reporter-output>
          </reporter-output>
        </test-method> <!-- verifyTimePageLoaded -->
        <test-method is-config="true" signature="quitDriver()[pri:0, instance:com.orange.tests.TimeTest@313b2ea6]" started-at="2026-04-12T15:14:14 IST" name="quitDriver" finished-at="2026-04-12T15:14:14 IST" duration-ms="189" status="PASS">
          <reporter-output>
          </reporter-output>
        </test-method> <!-- quitDriver -->
      </class> <!-- com.orange.tests.TimeTest -->
      <class name="com.orange.tests.AddCandidateTest">
        <test-method is-config="true" signature="setDriver(org.testng.ITestContext)[pri:0, instance:com.orange.tests.AddCandidateTest@2118cddf]" started-at="2026-04-12T15:14:03 IST" name="setDriver" finished-at="2026-04-12T15:14:07 IST" duration-ms="3655" status="PASS">
          <params>
            <param index="0">
              <value>
                <![CDATA[org.testng.TestRunner@4b0d79fc]]>
              </value>
            </param>
          </params>
          <reporter-output>
          </reporter-output>
        </test-method> <!-- setDriver -->
        <test-method is-config="true" signature="setUpAddCandidatePage()[pri:0, instance:com.orange.tests.AddCandidateTest@2118cddf]" started-at="2026-04-12T15:14:07 IST" name="setUpAddCandidatePage" finished-at="2026-04-12T15:14:13 IST" duration-ms="5738" status="PASS">
          <reporter-output>
          </reporter-output>
        </test-method> <!-- setUpAddCandidatePage -->
        <test-method signature="verifyAddCandidate(java.lang.String,java.lang.String,java.lang.String,java.lang.String)[pri:0, instance:com.orange.tests.AddCandidateTest@2118cddf]" started-at="2026-04-12T15:14:13 IST" name="verifyAddCandidate" data-provider="candidateData" finished-at="2026-04-12T15:14:15 IST" duration-ms="2394" status="PASS">
          <params>
            <param index="0">
              <value>
                <![CDATA[Vishnu]]>
              </value>
            </param>
            <param index="1">
              <value>
                <![CDATA[AS]]>
              </value>
            </param>
            <param index="2">
              <value>
                <![CDATA[v1@gmail.com]]>
              </value>
            </param>
            <param index="3">
              <value>
                <![CDATA[9999999991]]>
              </value>
            </param>
          </params>
          <reporter-output>
          </reporter-output>
        </test-method> <!-- verifyAddCandidate -->
        <test-method is-config="true" signature="quitDriver()[pri:0, instance:com.orange.tests.AddCandidateTest@2118cddf]" started-at="2026-04-12T15:14:15 IST" name="quitDriver" finished-at="2026-04-12T15:14:15 IST" duration-ms="202" status="PASS">
          <reporter-output>
          </reporter-output>
        </test-method> <!-- quitDriver -->
        <test-method is-config="true" signature="setDriver(org.testng.ITestContext)[pri:0, instance:com.orange.tests.AddCandidateTest@2118cddf]" started-at="2026-04-12T15:14:15 IST" name="setDriver" finished-at="2026-04-12T15:14:18 IST" duration-ms="2997" status="PASS">
          <params>
            <param index="0">
              <value>
                <![CDATA[org.testng.TestRunner@4b0d79fc]]>
              </value>
            </param>
          </params>
          <reporter-output>
          </reporter-output>
        </test-method> <!-- setDriver -->
        <test-method is-config="true" signature="setUpAddCandidatePage()[pri:0, instance:com.orange.tests.AddCandidateTest@2118cddf]" started-at="2026-04-12T15:14:18 IST" name="setUpAddCandidatePage" finished-at="2026-04-12T15:14:23 IST" duration-ms="5272" status="PASS">
          <reporter-output>
          </reporter-output>
        </test-method> <!-- setUpAddCandidatePage -->
        <test-method signature="verifyAddCandidate(java.lang.String,java.lang.String,java.lang.String,java.lang.String)[pri:0, instance:com.orange.tests.AddCandidateTest@2118cddf]" started-at="2026-04-12T15:14:23 IST" name="verifyAddCandidate" data-provider="candidateData" finished-at="2026-04-12T15:14:26 IST" duration-ms="2067" status="PASS">
          <params>
            <param index="0">
              <value>
                <![CDATA[Arun]]>
              </value>
            </param>
            <param index="1">
              <value>
                <![CDATA[Kumar]]>
              </value>
            </param>
            <param index="2">
              <value>
                <![CDATA[v2@gmail.com]]>
              </value>
            </param>
            <param index="3">
              <value>
                <![CDATA[9999999992]]>
              </value>
            </param>
          </params>
          <reporter-output>
          </reporter-output>
        </test-method> <!-- verifyAddCandidate -->
        <test-method is-config="true" signature="quitDriver()[pri:0, instance:com.orange.tests.AddCandidateTest@2118cddf]" started-at="2026-04-12T15:14:26 IST" name="quitDriver" finished-at="2026-04-12T15:14:26 IST" duration-ms="195" status="PASS">
          <reporter-output>
          </reporter-output>
        </test-method> <!-- quitDriver -->
        <test-method is-config="true" signature="setDriver(org.testng.ITestContext)[pri:0, instance:com.orange.tests.AddCandidateTest@2118cddf]" started-at="2026-04-12T15:14:26 IST" name="setDriver" finished-at="2026-04-12T15:14:29 IST" duration-ms="3544" status="PASS">
          <params>
            <param index="0">
              <value>
                <![CDATA[org.testng.TestRunner@4b0d79fc]]>
              </value>
            </param>
          </params>
          <reporter-output>
          </reporter-output>
        </test-method> <!-- setDriver -->
        <test-method is-config="true" signature="setUpAddCandidatePage()[pri:0, instance:com.orange.tests.AddCandidateTest@2118cddf]" started-at="2026-04-12T15:14:29 IST" name="setUpAddCandidatePage" finished-at="2026-04-12T15:14:35 IST" duration-ms="5268" status="PASS">
          <reporter-output>
          </reporter-output>
        </test-method> <!-- setUpAddCandidatePage -->
        <test-method signature="verifyAddCandidate(java.lang.String,java.lang.String,java.lang.String,java.lang.String)[pri:0, instance:com.orange.tests.AddCandidateTest@2118cddf]" started-at="2026-04-12T15:14:35 IST" name="verifyAddCandidate" data-provider="candidateData" finished-at="2026-04-12T15:14:36 IST" duration-ms="1508" status="PASS">
          <params>
            <param index="0">
              <value>
                <![CDATA[Neha]]>
              </value>
            </param>
            <param index="1">
              <value>
                <![CDATA[Nair]]>
              </value>
            </param>
            <param index="2">
              <value>
                <![CDATA[v3@gmail.com]]>
              </value>
            </param>
            <param index="3">
              <value>
                <![CDATA[9999999993]]>
              </value>
            </param>
          </params>
          <reporter-output>
          </reporter-output>
        </test-method> <!-- verifyAddCandidate -->
        <test-method is-config="true" signature="quitDriver()[pri:0, instance:com.orange.tests.AddCandidateTest@2118cddf]" started-at="2026-04-12T15:14:36 IST" name="quitDriver" finished-at="2026-04-12T15:14:36 IST" duration-ms="144" status="PASS">
          <reporter-output>
          </reporter-output>
        </test-method> <!-- quitDriver -->
        <test-method is-config="true" signature="setDriver(org.testng.ITestContext)[pri:0, instance:com.orange.tests.AddCandidateTest@2118cddf]" started-at="2026-04-12T15:14:36 IST" name="setDriver" finished-at="2026-04-12T15:14:40 IST" duration-ms="3607" status="PASS">
          <params>
            <param index="0">
              <value>
                <![CDATA[org.testng.TestRunner@4b0d79fc]]>
              </value>
            </param>
          </params>
          <reporter-output>
          </reporter-output>
        </test-method> <!-- setDriver -->
        <test-method is-config="true" signature="setUpAddCandidatePage()[pri:0, instance:com.orange.tests.AddCandidateTest@2118cddf]" started-at="2026-04-12T15:14:40 IST" name="setUpAddCandidatePage" finished-at="2026-04-12T15:14:45 IST" duration-ms="5636" status="PASS">
          <reporter-output>
          </reporter-output>
        </test-method> <!-- setUpAddCandidatePage -->
        <test-method signature="verifyAddCandidate(java.lang.String,java.lang.String,java.lang.String,java.lang.String)[pri:0, instance:com.orange.tests.AddCandidateTest@2118cddf]" started-at="2026-04-12T15:14:45 IST" name="verifyAddCandidate" data-provider="candidateData" finished-at="2026-04-12T15:14:47 IST" duration-ms="1502" status="PASS">
          <params>
            <param index="0">
              <value>
                <![CDATA[Rahul]]>
              </value>
            </param>
            <param index="1">
              <value>
                <![CDATA[Das]]>
              </value>
            </param>
            <param index="2">
              <value>
                <![CDATA[v4@gmail.com]]>
              </value>
            </param>
            <param index="3">
              <value>
                <![CDATA[9999999994]]>
              </value>
            </param>
          </params>
          <reporter-output>
          </reporter-output>
        </test-method> <!-- verifyAddCandidate -->
        <test-method is-config="true" signature="quitDriver()[pri:0, instance:com.orange.tests.AddCandidateTest@2118cddf]" started-at="2026-04-12T15:14:47 IST" name="quitDriver" finished-at="2026-04-12T15:14:47 IST" duration-ms="157" status="PASS">
          <reporter-output>
          </reporter-output>
        </test-method> <!-- quitDriver -->
        <test-method is-config="true" signature="setDriver(org.testng.ITestContext)[pri:0, instance:com.orange.tests.AddCandidateTest@2118cddf]" started-at="2026-04-12T15:14:47 IST" name="setDriver" finished-at="2026-04-12T15:14:55 IST" duration-ms="7456" status="PASS">
          <params>
            <param index="0">
              <value>
                <![CDATA[org.testng.TestRunner@4b0d79fc]]>
              </value>
            </param>
          </params>
          <reporter-output>
          </reporter-output>
        </test-method> <!-- setDriver -->
        <test-method is-config="true" signature="setUpAddCandidatePage()[pri:0, instance:com.orange.tests.AddCandidateTest@2118cddf]" started-at="2026-04-12T15:14:55 IST" name="setUpAddCandidatePage" finished-at="2026-04-12T15:14:59 IST" duration-ms="4864" status="PASS">
          <reporter-output>
          </reporter-output>
        </test-method> <!-- setUpAddCandidatePage -->
        <test-method signature="verifyAddCandidatePage()[pri:0, instance:com.orange.tests.AddCandidateTest@2118cddf]" started-at="2026-04-12T15:14:59 IST" name="verifyAddCandidatePage" finished-at="2026-04-12T15:15:00 IST" duration-ms="600" status="PASS">
          <reporter-output>
          </reporter-output>
        </test-method> <!-- verifyAddCandidatePage -->
        <test-method is-config="true" signature="quitDriver()[pri:0, instance:com.orange.tests.AddCandidateTest@2118cddf]" started-at="2026-04-12T15:15:00 IST" name="quitDriver" finished-at="2026-04-12T15:15:00 IST" duration-ms="151" status="PASS">
          <reporter-output>
          </reporter-output>
        </test-method> <!-- quitDriver -->
      </class> <!-- com.orange.tests.AddCandidateTest -->
    </test> <!-- RegressionTests -->
  </suite> <!-- RegressionSuite -->
</testng-results>
