<?xml version="1.0" encoding="UTF-8"?>
<!-- Generated by org.testng.reporters.JUnitXMLReporter -->
<testsuite ignored="2" hostname="ASV" failures="0" tests="7" name="RegressionTests" time="56.76" errors="0" timestamp="2026-03-31T01:04:01 IST">
  <testcase classname="com.orange.tests.LoginTest" name="verifyLoginPage" time="1.116"/>
  <testcase classname="com.orange.tests.DashboardTest" name="verifyDashboardScrollable" time="0.051"/>
  <testcase classname="com.orange.tests.TimeTest" name="verifyAllElementsPresent" time="1.106"/>
  <testcase classname="com.orange.tests.LoginTest" name="verifyLoginSuccess" time="4.488"/>
  <testcase classname="com.orange.tests.DashboardTest" name="verifyTimeClickable" time="3.676"/>
  <testcase classname="com.orange.tests.TimeTest" name="verifyMyRecords" time="3.182"/>
  <testcase classname="com.orange.tests.TimeTest" name="verifyTimePageLoaded" time="1.079"/>
  <testcase classname="com.orange.base.BaseTest" name="@BeforeSuite setUpConfig" time="0.0">
    <ignored/>
  </testcase> <!-- @BeforeSuite setUpConfig -->
  <testcase classname="com.orange.base.BaseTest" name="@BeforeSuite setUpConfig" time="0.0">
    <ignored/>
  </testcase> <!-- @BeforeSuite setUpConfig -->
</testsuite> <!-- RegressionTests -->
