<?xml version="1.0" encoding="UTF-8"?>
<!-- Generated by org.testng.reporters.JUnitXMLReporter -->
<testsuite ignored="4" hostname="ASV" failures="0" tests="14" name="RegressionTests" time="75.878" errors="0" timestamp="2026-04-12T15:15:00 IST">
  <testcase classname="com.orange.tests.LoginTest" name="verifyLoginPage" time="0.66"/>
  <testcase classname="com.orange.tests.DashboardTest" name="verifyDashboardScrollable" time="0.067"/>
  <testcase classname="com.orange.tests.TimeTest" name="verifyAllElementsPresent" time="0.637"/>
  <testcase classname="com.orange.tests.LoginTest" name="verifyLoginSuccess" time="2.83"/>
  <testcase classname="com.orange.tests.DashboardTest" name="verifyTimeClickable" time="1.952"/>
  <testcase classname="com.orange.tests.TimeTest" name="verifyMyRecords" time="2.366"/>
  <testcase classname="com.orange.tests.RecruitmentTest" name="verifyRecruitementPageLoaded" time="0.626"/>
  <testcase classname="com.orange.tests.TimeTest" name="verifyTimePageLoaded" time="0.62"/>
  <testcase classname="com.orange.tests.AddCandidateTest" name="verifyAddCandidate" time="2.394"/>
  <testcase classname="com.orange.tests.AddCandidateTest" name="verifyAddCandidate" time="2.067"/>
  <testcase classname="com.orange.tests.RecruitmentTest" name="verifySearchCandidate" time="12.913"/>
  <testcase classname="com.orange.tests.AddCandidateTest" name="verifyAddCandidate" time="1.508"/>
  <testcase classname="com.orange.tests.AddCandidateTest" name="verifyAddCandidate" time="1.502"/>
  <testcase classname="com.orange.tests.AddCandidateTest" name="verifyAddCandidatePage" time="0.6"/>
  <testcase classname="com.orange.base.BaseTest" name="@BeforeSuite setUpConfig" time="0.0">
    <ignored/>
  </testcase> <!-- @BeforeSuite setUpConfig -->
  <testcase classname="com.orange.base.BaseTest" name="@BeforeSuite setUpConfig" time="0.0">
    <ignored/>
  </testcase> <!-- @BeforeSuite setUpConfig -->
  <testcase classname="com.orange.base.BaseTest" name="@BeforeSuite setUpConfig" time="0.0">
    <ignored/>
  </testcase> <!-- @BeforeSuite setUpConfig -->
  <testcase classname="com.orange.base.BaseTest" name="@BeforeSuite setUpConfig" time="0.0">
    <ignored/>
  </testcase> <!-- @BeforeSuite setUpConfig -->
</testsuite> <!-- RegressionTests -->
