<?xml version="1.0" encoding="UTF-8"?>
<testng-results ignored="0" total="11" passed="0" failed="1" skipped="10">
  <reporter-output>
    <line>
      <![CDATA[Driver is null,Screenshot isnt captured]]>
    </line>
  </reporter-output>
  <suite started-at="2026-04-14T23:58:07 IST" name="RegressionSuite" finished-at="2026-04-14T23:58:10 IST" duration-ms="3529">
    <groups>
    </groups>
    <test started-at="2026-04-14T23:58:07 IST" name="RegressionTests" finished-at="2026-04-14T23:58:10 IST" duration-ms="3529">
      <class name="com.orange.tests.LoginTest">
        <test-method is-config="true" signature="setUpConfig()[pri:0, instance:com.orange.tests.LoginTest@11bd0f3b]" started-at="2026-04-14T23:58:07 IST" name="setUpConfig" finished-at="2026-04-14T23:58:07 IST" duration-ms="17" status="PASS">
          <reporter-output>
          </reporter-output>
        </test-method> <!-- setUpConfig -->
        <test-method is-config="true" signature="setDriver(org.testng.ITestContext)[pri:0, instance:com.orange.tests.LoginTest@11bd0f3b]" started-at="2026-04-14T23:58:07 IST" name="setDriver" finished-at="2026-04-14T23:58:10 IST" duration-ms="3370" status="FAIL">
          <params>
            <param index="0">
              <value>
                <![CDATA[org.testng.TestRunner@4904f26e]]>
              </value>
            </param>
          </params>
          <exception class="java.lang.RuntimeException">
            <message>
              <![CDATA[Failed to create RemoteWebDriver]]>
            </message>
            <full-stacktrace>
              <![CDATA[java.lang.RuntimeException: Failed to create RemoteWebDriver
at com.orange.factory.DriverFactory.getRemoteDriver(DriverFactory.java:49)
at com.orange.factory.DriverFactory.createDriver(DriverFactory.java:26)
at com.orange.base.BaseTest.setDriver(BaseTest.java:31)
at java.base/jdk.internal.reflect.DirectMethodHandleAccessor.invoke(DirectMethodHandleAccessor.java:103)
at java.base/java.lang.reflect.Method.invoke(Method.java:580)
at org.testng.internal.invokers.MethodInvocationHelper.invokeMethod(MethodInvocationHelper.java:141)
at org.testng.internal.invokers.MethodInvocationHelper.invokeMethodConsideringTimeout(MethodInvocationHelper.java:71)
at org.testng.internal.invokers.ConfigInvoker.invokeConfigurationMethod(ConfigInvoker.java:400)
at org.testng.internal.invokers.ConfigInvoker.invokeConfigurations(ConfigInvoker.java:333)
at org.testng.internal.invokers.TestInvoker.runConfigMethods(TestInvoker.java:846)
at org.testng.internal.invokers.TestInvoker.invokeMethod(TestInvoker.java:611)
at org.testng.internal.invokers.TestInvoker.invokeTestMethod(TestInvoker.java:230)
at org.testng.internal.invokers.MethodRunner.runInSequence(MethodRunner.java:63)
at org.testng.internal.invokers.TestInvoker$MethodInvocationAgent.invoke(TestInvoker.java:1005)
at org.testng.internal.invokers.TestInvoker.invokeTestMethods(TestInvoker.java:203)
at org.testng.internal.invokers.TestMethodWorker.invokeTestMethods(TestMethodWorker.java:154)
at org.testng.internal.invokers.TestMethodWorker.run(TestMethodWorker.java:134)
at java.base/java.util.concurrent.Executors$RunnableAdapter.call(Executors.java:572)
at java.base/java.util.concurrent.FutureTask.run(FutureTask.java:317)
at org.testng.internal.thread.graph.TestNGFutureTask.run(TestNGFutureTask.java:22)
at java.base/java.util.concurrent.ThreadPoolExecutor.runWorker(ThreadPoolExecutor.java:1144)
at java.base/java.util.concurrent.ThreadPoolExecutor$Worker.run(ThreadPoolExecutor.java:642)
at java.base/java.lang.Thread.run(Thread.java:1583)
Caused by: org.openqa.selenium.SessionNotCreatedException: Could not start a new session. Possible causes are invalid address of the remote server or browser start-up failure. null 
Host info: host: 'ASV', ip: '192.168.1.6'
Build info: version: '4.41.0', revision: '9fc754f'
System info: os.name: 'Windows 11', os.arch: 'amd64', os.version: '10.0', java.version: '21.0.9'
Driver info: org.openqa.selenium.remote.RemoteWebDriver
Command: [null, newSession {capabilities=[Capabilities {browserName: chrome, goog:chromeOptions: {args: [], extensions: []}}]}]
Capabilities {browserName: chrome, goog:chromeOptions: {args: [], extensions: []}}
at org.openqa.selenium.remote.RemoteWebDriver.execute(RemoteWebDriver.java:625)
at org.openqa.selenium.remote.RemoteWebDriver.startSession(RemoteWebDriver.java:288)
at org.openqa.selenium.remote.RemoteWebDriver.<init>(RemoteWebDriver.java:211)
at org.openqa.selenium.remote.RemoteWebDriver.<init>(RemoteWebDriver.java:171)
at org.openqa.selenium.remote.RemoteWebDriver.<init>(RemoteWebDriver.java:167)
at com.orange.factory.DriverFactory.getRemoteDriver(DriverFactory.java:47)
... 22 more
Caused by: org.openqa.selenium.remote.http.jdk.ConnectionException: Connection error (POST http://hub:4444/wd/hub/session)
at org.openqa.selenium.remote.http.jdk.JdkHttpClient.execute0(JdkHttpClient.java:488)
at org.openqa.selenium.remote.http.AddSeleniumUserAgent.lambda$apply$0(AddSeleniumUserAgent.java:44)
at org.openqa.selenium.remote.http.Filter.lambda$andFinally$1(Filter.java:55)
at org.openqa.selenium.remote.http.jdk.JdkHttpClient.lambda$executeAsync$2(JdkHttpClient.java:389)
at java.base/java.util.concurrent.Executors$RunnableAdapter.call(Executors.java:572)
at java.base/java.util.concurrent.FutureTask.run(FutureTask.java:317)
... 3 more
Caused by: java.net.ConnectException
at java.net.http/jdk.internal.net.http.HttpClientImpl.send(HttpClientImpl.java:955)
at java.net.http/jdk.internal.net.http.HttpClientFacade.send(HttpClientFacade.java:133)
at org.openqa.selenium.remote.http.jdk.JdkHttpClient.execute0(JdkHttpClient.java:463)
... 8 more
Caused by: java.net.ConnectException
at java.net.http/jdk.internal.net.http.common.Utils.toConnectException(Utils.java:1065)
at java.net.http/jdk.internal.net.http.PlainHttpConnection.connectAsync(PlainHttpConnection.java:227)
at java.net.http/jdk.internal.net.http.Http1Exchange.sendHeadersAsync(Http1Exchange.java:312)
at java.net.http/jdk.internal.net.http.Exchange.lambda$responseAsyncImpl0$8(Exchange.java:581)
at java.net.http/jdk.internal.net.http.Exchange.checkFor407(Exchange.java:452)
at java.net.http/jdk.internal.net.http.Exchange.lambda$responseAsyncImpl0$9(Exchange.java:585)
at java.base/java.util.concurrent.CompletableFuture.uniHandle(CompletableFuture.java:934)
at java.base/java.util.concurrent.CompletableFuture.uniHandleStage(CompletableFuture.java:950)
at java.base/java.util.concurrent.CompletableFuture.handle(CompletableFuture.java:2372)
at java.net.http/jdk.internal.net.http.Exchange.responseAsyncImpl0(Exchange.java:585)
at java.net.http/jdk.internal.net.http.Exchange.responseAsyncImpl(Exchange.java:428)
at java.net.http/jdk.internal.net.http.Exchange.responseAsync(Exchange.java:420)
at java.net.http/jdk.internal.net.http.MultiExchange.responseAsyncImpl(MultiExchange.java:435)
at java.net.http/jdk.internal.net.http.MultiExchange.lambda$responseAsyncImpl$7(MultiExchange.java:477)
at java.base/java.util.concurrent.CompletableFuture.uniHandle(CompletableFuture.java:934)
at java.base/java.util.concurrent.CompletableFuture.uniHandleStage(CompletableFuture.java:950)
at java.base/java.util.concurrent.CompletableFuture.handle(CompletableFuture.java:2372)
at java.net.http/jdk.internal.net.http.MultiExchange.responseAsyncImpl(MultiExchange.java:467)
at java.net.http/jdk.internal.net.http.MultiExchange.lambda$responseAsync0$2(MultiExchange.java:355)
at java.base/java.util.concurrent.CompletableFuture$UniCompose.tryFire(CompletableFuture.java:1150)
at java.base/java.util.concurrent.CompletableFuture.postComplete(CompletableFuture.java:510)
at java.base/java.util.concurrent.CompletableFuture$AsyncSupply.run(CompletableFuture.java:1773)
at java.net.http/jdk.internal.net.http.HttpClientImpl$DelegatingExecutor.execute(HttpClientImpl.java:177)
at java.base/java.util.concurrent.CompletableFuture.completeAsync(CompletableFuture.java:2719)
at java.net.http/jdk.internal.net.http.MultiExchange.responseAsync(MultiExchange.java:308)
at java.net.http/jdk.internal.net.http.HttpClientImpl.sendAsync(HttpClientImpl.java:1053)
at java.net.http/jdk.internal.net.http.HttpClientImpl.send(HttpClientImpl.java:933)
... 10 more
Caused by: java.nio.channels.UnresolvedAddressException
at java.base/sun.nio.ch.Net.checkAddress(Net.java:137)
at java.base/sun.nio.ch.Net.checkAddress(Net.java:145)
at java.base/sun.nio.ch.SocketChannelImpl.checkRemote(SocketChannelImpl.java:842)
at java.base/sun.nio.ch.SocketChannelImpl.connect(SocketChannelImpl.java:865)
at java.net.http/jdk.internal.net.http.PlainHttpConnection.lambda$connectAsync$1(PlainHttpConnection.java:210)
at java.base/java.security.AccessController.doPrivileged(AccessController.java:571)
at java.net.http/jdk.internal.net.http.PlainHttpConnection.connectAsync(PlainHttpConnection.java:212)
... 35 more
]]>
            </full-stacktrace>
          </exception> <!-- java.lang.RuntimeException -->
          <reporter-output>
          </reporter-output>
        </test-method> <!-- setDriver -->
        <test-method signature="verifyLoginPage()[pri:0, instance:com.orange.tests.LoginTest@11bd0f3b]" started-at="2026-04-14T23:58:10 IST" name="verifyLoginPage" description="Verify loginpage is displayed when URL is loaded" finished-at="2026-04-14T23:58:10 IST" duration-ms="0" status="SKIP">
          <exception class="java.lang.RuntimeException">
            <message>
              <![CDATA[Failed to create RemoteWebDriver]]>
            </message>
            <full-stacktrace>
              <![CDATA[java.lang.RuntimeException: Failed to create RemoteWebDriver
at com.orange.factory.DriverFactory.getRemoteDriver(DriverFactory.java:49)
at com.orange.factory.DriverFactory.createDriver(DriverFactory.java:26)
at com.orange.base.BaseTest.setDriver(BaseTest.java:31)
at java.base/jdk.internal.reflect.DirectMethodHandleAccessor.invoke(DirectMethodHandleAccessor.java:103)
at java.base/java.lang.reflect.Method.invoke(Method.java:580)
at org.testng.internal.invokers.MethodInvocationHelper.invokeMethod(MethodInvocationHelper.java:141)
at org.testng.internal.invokers.MethodInvocationHelper.invokeMethodConsideringTimeout(MethodInvocationHelper.java:71)
at org.testng.internal.invokers.ConfigInvoker.invokeConfigurationMethod(ConfigInvoker.java:400)
at org.testng.internal.invokers.ConfigInvoker.invokeConfigurations(ConfigInvoker.java:333)
at org.testng.internal.invokers.TestInvoker.runConfigMethods(TestInvoker.java:846)
at org.testng.internal.invokers.TestInvoker.invokeMethod(TestInvoker.java:611)
at org.testng.internal.invokers.TestInvoker.invokeTestMethod(TestInvoker.java:230)
at org.testng.internal.invokers.MethodRunner.runInSequence(MethodRunner.java:63)
at org.testng.internal.invokers.TestInvoker$MethodInvocationAgent.invoke(TestInvoker.java:1005)
at org.testng.internal.invokers.TestInvoker.invokeTestMethods(TestInvoker.java:203)
at org.testng.internal.invokers.TestMethodWorker.invokeTestMethods(TestMethodWorker.java:154)
at org.testng.internal.invokers.TestMethodWorker.run(TestMethodWorker.java:134)
at java.base/java.util.concurrent.Executors$RunnableAdapter.call(Executors.java:572)
at java.base/java.util.concurrent.FutureTask.run(FutureTask.java:317)
at org.testng.internal.thread.graph.TestNGFutureTask.run(TestNGFutureTask.java:22)
at java.base/java.util.concurrent.ThreadPoolExecutor.runWorker(ThreadPoolExecutor.java:1144)
at java.base/java.util.concurrent.ThreadPoolExecutor$Worker.run(ThreadPoolExecutor.java:642)
at java.base/java.lang.Thread.run(Thread.java:1583)
Caused by: org.openqa.selenium.SessionNotCreatedException: Could not start a new session. Possible causes are invalid address of the remote server or browser start-up failure. null 
Host info: host: 'ASV', ip: '192.168.1.6'
Build info: version: '4.41.0', revision: '9fc754f'
System info: os.name: 'Windows 11', os.arch: 'amd64', os.version: '10.0', java.version: '21.0.9'
Driver info: org.openqa.selenium.remote.RemoteWebDriver
Command: [null, newSession {capabilities=[Capabilities {browserName: chrome, goog:chromeOptions: {args: [], extensions: []}}]}]
Capabilities {browserName: chrome, goog:chromeOptions: {args: [], extensions: []}}
at org.openqa.selenium.remote.RemoteWebDriver.execute(RemoteWebDriver.java:625)
at org.openqa.selenium.remote.RemoteWebDriver.startSession(RemoteWebDriver.java:288)
at org.openqa.selenium.remote.RemoteWebDriver.<init>(RemoteWebDriver.java:211)
at org.openqa.selenium.remote.RemoteWebDriver.<init>(RemoteWebDriver.java:171)
at org.openqa.selenium.remote.RemoteWebDriver.<init>(RemoteWebDriver.java:167)
at com.orange.factory.DriverFactory.getRemoteDriver(DriverFactory.java:47)
... 22 more
Caused by: org.openqa.selenium.remote.http.jdk.ConnectionException: Connection error (POST http://hub:4444/wd/hub/session)
at org.openqa.selenium.remote.http.jdk.JdkHttpClient.execute0(JdkHttpClient.java:488)
at org.openqa.selenium.remote.http.AddSeleniumUserAgent.lambda$apply$0(AddSeleniumUserAgent.java:44)
at org.openqa.selenium.remote.http.Filter.lambda$andFinally$1(Filter.java:55)
at org.openqa.selenium.remote.http.jdk.JdkHttpClient.lambda$executeAsync$2(JdkHttpClient.java:389)
at java.base/java.util.concurrent.Executors$RunnableAdapter.call(Executors.java:572)
at java.base/java.util.concurrent.FutureTask.run(FutureTask.java:317)
... 3 more
Caused by: java.net.ConnectException
at java.net.http/jdk.internal.net.http.HttpClientImpl.send(HttpClientImpl.java:955)
at java.net.http/jdk.internal.net.http.HttpClientFacade.send(HttpClientFacade.java:133)
at org.openqa.selenium.remote.http.jdk.JdkHttpClient.execute0(JdkHttpClient.java:463)
... 8 more
Caused by: java.net.ConnectException
at java.net.http/jdk.internal.net.http.common.Utils.toConnectException(Utils.java:1065)
at java.net.http/jdk.internal.net.http.PlainHttpConnection.connectAsync(PlainHttpConnection.java:227)
at java.net.http/jdk.internal.net.http.Http1Exchange.sendHeadersAsync(Http1Exchange.java:312)
at java.net.http/jdk.internal.net.http.Exchange.lambda$responseAsyncImpl0$8(Exchange.java:581)
at java.net.http/jdk.internal.net.http.Exchange.checkFor407(Exchange.java:452)
at java.net.http/jdk.internal.net.http.Exchange.lambda$responseAsyncImpl0$9(Exchange.java:585)
at java.base/java.util.concurrent.CompletableFuture.uniHandle(CompletableFuture.java:934)
at java.base/java.util.concurrent.CompletableFuture.uniHandleStage(CompletableFuture.java:950)
at java.base/java.util.concurrent.CompletableFuture.handle(CompletableFuture.java:2372)
at java.net.http/jdk.internal.net.http.Exchange.responseAsyncImpl0(Exchange.java:585)
at java.net.http/jdk.internal.net.http.Exchange.responseAsyncImpl(Exchange.java:428)
at java.net.http/jdk.internal.net.http.Exchange.responseAsync(Exchange.java:420)
at java.net.http/jdk.internal.net.http.MultiExchange.responseAsyncImpl(MultiExchange.java:435)
at java.net.http/jdk.internal.net.http.MultiExchange.lambda$responseAsyncImpl$7(MultiExchange.java:477)
at java.base/java.util.concurrent.CompletableFuture.uniHandle(CompletableFuture.java:934)
at java.base/java.util.concurrent.CompletableFuture.uniHandleStage(CompletableFuture.java:950)
at java.base/java.util.concurrent.CompletableFuture.handle(CompletableFuture.java:2372)
at java.net.http/jdk.internal.net.http.MultiExchange.responseAsyncImpl(MultiExchange.java:467)
at java.net.http/jdk.internal.net.http.MultiExchange.lambda$responseAsync0$2(MultiExchange.java:355)
at java.base/java.util.concurrent.CompletableFuture$UniCompose.tryFire(CompletableFuture.java:1150)
at java.base/java.util.concurrent.CompletableFuture.postComplete(CompletableFuture.java:510)
at java.base/java.util.concurrent.CompletableFuture$AsyncSupply.run(CompletableFuture.java:1773)
at java.net.http/jdk.internal.net.http.HttpClientImpl$DelegatingExecutor.execute(HttpClientImpl.java:177)
at java.base/java.util.concurrent.CompletableFuture.completeAsync(CompletableFuture.java:2719)
at java.net.http/jdk.internal.net.http.MultiExchange.responseAsync(MultiExchange.java:308)
at java.net.http/jdk.internal.net.http.HttpClientImpl.sendAsync(HttpClientImpl.java:1053)
at java.net.http/jdk.internal.net.http.HttpClientImpl.send(HttpClientImpl.java:933)
... 10 more
Caused by: java.nio.channels.UnresolvedAddressException
at java.base/sun.nio.ch.Net.checkAddress(Net.java:137)
at java.base/sun.nio.ch.Net.checkAddress(Net.java:145)
at java.base/sun.nio.ch.SocketChannelImpl.checkRemote(SocketChannelImpl.java:842)
at java.base/sun.nio.ch.SocketChannelImpl.connect(SocketChannelImpl.java:865)
at java.net.http/jdk.internal.net.http.PlainHttpConnection.lambda$connectAsync$1(PlainHttpConnection.java:210)
at java.base/java.security.AccessController.doPrivileged(AccessController.java:571)
at java.net.http/jdk.internal.net.http.PlainHttpConnection.connectAsync(PlainHttpConnection.java:212)
... 35 more
]]>
            </full-stacktrace>
          </exception> <!-- java.lang.RuntimeException -->
          <reporter-output>
          </reporter-output>
        </test-method> <!-- verifyLoginPage -->
        <test-method is-config="true" signature="quitDriver()[pri:0, instance:com.orange.tests.LoginTest@11bd0f3b]" started-at="2026-04-14T23:58:10 IST" name="quitDriver" finished-at="2026-04-14T23:58:10 IST" duration-ms="0" status="SKIP">
          <reporter-output>
          </reporter-output>
        </test-method> <!-- quitDriver -->
        <test-method is-config="true" signature="setDriver(org.testng.ITestContext)[pri:0, instance:com.orange.tests.LoginTest@11bd0f3b]" started-at="2026-04-14T23:58:10 IST" name="setDriver" finished-at="2026-04-14T23:58:10 IST" duration-ms="0" status="SKIP">
          <reporter-output>
          </reporter-output>
        </test-method> <!-- setDriver -->
        <test-method signature="verifyLoginSuccess()[pri:0, instance:com.orange.tests.LoginTest@11bd0f3b]" started-at="2026-04-14T23:58:10 IST" name="verifyLoginSuccess" description="Verify login works successfully and goes to dashboardpage" finished-at="2026-04-14T23:58:10 IST" duration-ms="0" status="SKIP">
          <exception class="java.lang.RuntimeException">
            <message>
              <![CDATA[Failed to create RemoteWebDriver]]>
            </message>
            <full-stacktrace>
              <![CDATA[java.lang.RuntimeException: Failed to create RemoteWebDriver
at com.orange.factory.DriverFactory.getRemoteDriver(DriverFactory.java:49)
at com.orange.factory.DriverFactory.createDriver(DriverFactory.java:26)
at com.orange.base.BaseTest.setDriver(BaseTest.java:31)
at java.base/jdk.internal.reflect.DirectMethodHandleAccessor.invoke(DirectMethodHandleAccessor.java:103)
at java.base/java.lang.reflect.Method.invoke(Method.java:580)
at org.testng.internal.invokers.MethodInvocationHelper.invokeMethod(MethodInvocationHelper.java:141)
at org.testng.internal.invokers.MethodInvocationHelper.invokeMethodConsideringTimeout(MethodInvocationHelper.java:71)
at org.testng.internal.invokers.ConfigInvoker.invokeConfigurationMethod(ConfigInvoker.java:400)
at org.testng.internal.invokers.ConfigInvoker.invokeConfigurations(ConfigInvoker.java:333)
at org.testng.internal.invokers.TestInvoker.runConfigMethods(TestInvoker.java:846)
at org.testng.internal.invokers.TestInvoker.invokeMethod(TestInvoker.java:611)
at org.testng.internal.invokers.TestInvoker.invokeTestMethod(TestInvoker.java:230)
at org.testng.internal.invokers.MethodRunner.runInSequence(MethodRunner.java:63)
at org.testng.internal.invokers.TestInvoker$MethodInvocationAgent.invoke(TestInvoker.java:1005)
at org.testng.internal.invokers.TestInvoker.invokeTestMethods(TestInvoker.java:203)
at org.testng.internal.invokers.TestMethodWorker.invokeTestMethods(TestMethodWorker.java:154)
at org.testng.internal.invokers.TestMethodWorker.run(TestMethodWorker.java:134)
at java.base/java.util.concurrent.Executors$RunnableAdapter.call(Executors.java:572)
at java.base/java.util.concurrent.FutureTask.run(FutureTask.java:317)
at org.testng.internal.thread.graph.TestNGFutureTask.run(TestNGFutureTask.java:22)
at java.base/java.util.concurrent.ThreadPoolExecutor.runWorker(ThreadPoolExecutor.java:1144)
at java.base/java.util.concurrent.ThreadPoolExecutor$Worker.run(ThreadPoolExecutor.java:642)
at java.base/java.lang.Thread.run(Thread.java:1583)
Caused by: org.openqa.selenium.SessionNotCreatedException: Could not start a new session. Possible causes are invalid address of the remote server or browser start-up failure. null 
Host info: host: 'ASV', ip: '192.168.1.6'
Build info: version: '4.41.0', revision: '9fc754f'
System info: os.name: 'Windows 11', os.arch: 'amd64', os.version: '10.0', java.version: '21.0.9'
Driver info: org.openqa.selenium.remote.RemoteWebDriver
Command: [null, newSession {capabilities=[Capabilities {browserName: chrome, goog:chromeOptions: {args: [], extensions: []}}]}]
Capabilities {browserName: chrome, goog:chromeOptions: {args: [], extensions: []}}
at org.openqa.selenium.remote.RemoteWebDriver.execute(RemoteWebDriver.java:625)
at org.openqa.selenium.remote.RemoteWebDriver.startSession(RemoteWebDriver.java:288)
at org.openqa.selenium.remote.RemoteWebDriver.<init>(RemoteWebDriver.java:211)
at org.openqa.selenium.remote.RemoteWebDriver.<init>(RemoteWebDriver.java:171)
at org.openqa.selenium.remote.RemoteWebDriver.<init>(RemoteWebDriver.java:167)
at com.orange.factory.DriverFactory.getRemoteDriver(DriverFactory.java:47)
... 22 more
Caused by: org.openqa.selenium.remote.http.jdk.ConnectionException: Connection error (POST http://hub:4444/wd/hub/session)
at org.openqa.selenium.remote.http.jdk.JdkHttpClient.execute0(JdkHttpClient.java:488)
at org.openqa.selenium.remote.http.AddSeleniumUserAgent.lambda$apply$0(AddSeleniumUserAgent.java:44)
at org.openqa.selenium.remote.http.Filter.lambda$andFinally$1(Filter.java:55)
at org.openqa.selenium.remote.http.jdk.JdkHttpClient.lambda$executeAsync$2(JdkHttpClient.java:389)
at java.base/java.util.concurrent.Executors$RunnableAdapter.call(Executors.java:572)
at java.base/java.util.concurrent.FutureTask.run(FutureTask.java:317)
... 3 more
Caused by: java.net.ConnectException
at java.net.http/jdk.internal.net.http.HttpClientImpl.send(HttpClientImpl.java:955)
at java.net.http/jdk.internal.net.http.HttpClientFacade.send(HttpClientFacade.java:133)
at org.openqa.selenium.remote.http.jdk.JdkHttpClient.execute0(JdkHttpClient.java:463)
... 8 more
Caused by: java.net.ConnectException
at java.net.http/jdk.internal.net.http.common.Utils.toConnectException(Utils.java:1065)
at java.net.http/jdk.internal.net.http.PlainHttpConnection.connectAsync(PlainHttpConnection.java:227)
at java.net.http/jdk.internal.net.http.Http1Exchange.sendHeadersAsync(Http1Exchange.java:312)
at java.net.http/jdk.internal.net.http.Exchange.lambda$responseAsyncImpl0$8(Exchange.java:581)
at java.net.http/jdk.internal.net.http.Exchange.checkFor407(Exchange.java:452)
at java.net.http/jdk.internal.net.http.Exchange.lambda$responseAsyncImpl0$9(Exchange.java:585)
at java.base/java.util.concurrent.CompletableFuture.uniHandle(CompletableFuture.java:934)
at java.base/java.util.concurrent.CompletableFuture.uniHandleStage(CompletableFuture.java:950)
at java.base/java.util.concurrent.CompletableFuture.handle(CompletableFuture.java:2372)
at java.net.http/jdk.internal.net.http.Exchange.responseAsyncImpl0(Exchange.java:585)
at java.net.http/jdk.internal.net.http.Exchange.responseAsyncImpl(Exchange.java:428)
at java.net.http/jdk.internal.net.http.Exchange.responseAsync(Exchange.java:420)
at java.net.http/jdk.internal.net.http.MultiExchange.responseAsyncImpl(MultiExchange.java:435)
at java.net.http/jdk.internal.net.http.MultiExchange.lambda$responseAsyncImpl$7(MultiExchange.java:477)
at java.base/java.util.concurrent.CompletableFuture.uniHandle(CompletableFuture.java:934)
at java.base/java.util.concurrent.CompletableFuture.uniHandleStage(CompletableFuture.java:950)
at java.base/java.util.concurrent.CompletableFuture.handle(CompletableFuture.java:2372)
at java.net.http/jdk.internal.net.http.MultiExchange.responseAsyncImpl(MultiExchange.java:467)
at java.net.http/jdk.internal.net.http.MultiExchange.lambda$responseAsync0$2(MultiExchange.java:355)
at java.base/java.util.concurrent.CompletableFuture$UniCompose.tryFire(CompletableFuture.java:1150)
at java.base/java.util.concurrent.CompletableFuture.postComplete(CompletableFuture.java:510)
at java.base/java.util.concurrent.CompletableFuture$AsyncSupply.run(CompletableFuture.java:1773)
at java.net.http/jdk.internal.net.http.HttpClientImpl$DelegatingExecutor.execute(HttpClientImpl.java:177)
at java.base/java.util.concurrent.CompletableFuture.completeAsync(CompletableFuture.java:2719)
at java.net.http/jdk.internal.net.http.MultiExchange.responseAsync(MultiExchange.java:308)
at java.net.http/jdk.internal.net.http.HttpClientImpl.sendAsync(HttpClientImpl.java:1053)
at java.net.http/jdk.internal.net.http.HttpClientImpl.send(HttpClientImpl.java:933)
... 10 more
Caused by: java.nio.channels.UnresolvedAddressException
at java.base/sun.nio.ch.Net.checkAddress(Net.java:137)
at java.base/sun.nio.ch.Net.checkAddress(Net.java:145)
at java.base/sun.nio.ch.SocketChannelImpl.checkRemote(SocketChannelImpl.java:842)
at java.base/sun.nio.ch.SocketChannelImpl.connect(SocketChannelImpl.java:865)
at java.net.http/jdk.internal.net.http.PlainHttpConnection.lambda$connectAsync$1(PlainHttpConnection.java:210)
at java.base/java.security.AccessController.doPrivileged(AccessController.java:571)
at java.net.http/jdk.internal.net.http.PlainHttpConnection.connectAsync(PlainHttpConnection.java:212)
... 35 more
]]>
            </full-stacktrace>
          </exception> <!-- java.lang.RuntimeException -->
          <reporter-output>
          </reporter-output>
        </test-method> <!-- verifyLoginSuccess -->
        <test-method is-config="true" signature="quitDriver()[pri:0, instance:com.orange.tests.LoginTest@11bd0f3b]" started-at="2026-04-14T23:58:10 IST" name="quitDriver" finished-at="2026-04-14T23:58:10 IST" duration-ms="0" status="SKIP">
          <reporter-output>
          </reporter-output>
        </test-method> <!-- quitDriver -->
      </class> <!-- com.orange.tests.LoginTest -->
      <class name="com.orange.tests.DashboardTest">
        <test-method is-config="true" signature="setDriver(org.testng.ITestContext)[pri:0, instance:com.orange.tests.DashboardTest@5fd4f8f5]" started-at="2026-04-14T23:58:07 IST" name="setDriver" finished-at="2026-04-14T23:58:10 IST" duration-ms="3370" status="FAIL">
          <params>
            <param index="0">
              <value>
                <![CDATA[org.testng.TestRunner@4904f26e]]>
              </value>
            </param>
          </params>
          <exception class="java.lang.RuntimeException">
            <message>
              <![CDATA[Failed to create RemoteWebDriver]]>
            </message>
            <full-stacktrace>
              <![CDATA[java.lang.RuntimeException: Failed to create RemoteWebDriver
at com.orange.factory.DriverFactory.getRemoteDriver(DriverFactory.java:49)
at com.orange.factory.DriverFactory.createDriver(DriverFactory.java:26)
at com.orange.base.BaseTest.setDriver(BaseTest.java:31)
at java.base/jdk.internal.reflect.DirectMethodHandleAccessor.invoke(DirectMethodHandleAccessor.java:103)
at java.base/java.lang.reflect.Method.invoke(Method.java:580)
at org.testng.internal.invokers.MethodInvocationHelper.invokeMethod(MethodInvocationHelper.java:141)
at org.testng.internal.invokers.MethodInvocationHelper.invokeMethodConsideringTimeout(MethodInvocationHelper.java:71)
at org.testng.internal.invokers.ConfigInvoker.invokeConfigurationMethod(ConfigInvoker.java:400)
at org.testng.internal.invokers.ConfigInvoker.invokeConfigurations(ConfigInvoker.java:333)
at org.testng.internal.invokers.TestInvoker.runConfigMethods(TestInvoker.java:846)
at org.testng.internal.invokers.TestInvoker.invokeMethod(TestInvoker.java:611)
at org.testng.internal.invokers.TestInvoker.invokeTestMethod(TestInvoker.java:230)
at org.testng.internal.invokers.MethodRunner.runInSequence(MethodRunner.java:63)
at org.testng.internal.invokers.TestInvoker$MethodInvocationAgent.invoke(TestInvoker.java:1005)
at org.testng.internal.invokers.TestInvoker.invokeTestMethods(TestInvoker.java:203)
at org.testng.internal.invokers.TestMethodWorker.invokeTestMethods(TestMethodWorker.java:154)
at org.testng.internal.invokers.TestMethodWorker.run(TestMethodWorker.java:134)
at java.base/java.util.concurrent.Executors$RunnableAdapter.call(Executors.java:572)
at java.base/java.util.concurrent.FutureTask.run(FutureTask.java:317)
at org.testng.internal.thread.graph.TestNGFutureTask.run(TestNGFutureTask.java:22)
at java.base/java.util.concurrent.ThreadPoolExecutor.runWorker(ThreadPoolExecutor.java:1144)
at java.base/java.util.concurrent.ThreadPoolExecutor$Worker.run(ThreadPoolExecutor.java:642)
at java.base/java.lang.Thread.run(Thread.java:1583)
Caused by: org.openqa.selenium.SessionNotCreatedException: Could not start a new session. Possible causes are invalid address of the remote server or browser start-up failure. null 
Host info: host: 'ASV', ip: '192.168.1.6'
Build info: version: '4.41.0', revision: '9fc754f'
System info: os.name: 'Windows 11', os.arch: 'amd64', os.version: '10.0', java.version: '21.0.9'
Driver info: org.openqa.selenium.remote.RemoteWebDriver
Command: [null, newSession {capabilities=[Capabilities {browserName: chrome, goog:chromeOptions: {args: [], extensions: []}}]}]
Capabilities {browserName: chrome, goog:chromeOptions: {args: [], extensions: []}}
at org.openqa.selenium.remote.RemoteWebDriver.execute(RemoteWebDriver.java:625)
at org.openqa.selenium.remote.RemoteWebDriver.startSession(RemoteWebDriver.java:288)
at org.openqa.selenium.remote.RemoteWebDriver.<init>(RemoteWebDriver.java:211)
at org.openqa.selenium.remote.RemoteWebDriver.<init>(RemoteWebDriver.java:171)
at org.openqa.selenium.remote.RemoteWebDriver.<init>(RemoteWebDriver.java:167)
at com.orange.factory.DriverFactory.getRemoteDriver(DriverFactory.java:47)
... 22 more
Caused by: org.openqa.selenium.remote.http.jdk.ConnectionException: Connection error (POST http://hub:4444/wd/hub/session)
at org.openqa.selenium.remote.http.jdk.JdkHttpClient.execute0(JdkHttpClient.java:488)
at org.openqa.selenium.remote.http.AddSeleniumUserAgent.lambda$apply$0(AddSeleniumUserAgent.java:44)
at org.openqa.selenium.remote.http.Filter.lambda$andFinally$1(Filter.java:55)
at org.openqa.selenium.remote.http.jdk.JdkHttpClient.lambda$executeAsync$2(JdkHttpClient.java:389)
at java.base/java.util.concurrent.Executors$RunnableAdapter.call(Executors.java:572)
at java.base/java.util.concurrent.FutureTask.run(FutureTask.java:317)
... 3 more
Caused by: java.net.ConnectException
at java.net.http/jdk.internal.net.http.HttpClientImpl.send(HttpClientImpl.java:955)
at java.net.http/jdk.internal.net.http.HttpClientFacade.send(HttpClientFacade.java:133)
at org.openqa.selenium.remote.http.jdk.JdkHttpClient.execute0(JdkHttpClient.java:463)
... 8 more
Caused by: java.net.ConnectException
at java.net.http/jdk.internal.net.http.common.Utils.toConnectException(Utils.java:1065)
at java.net.http/jdk.internal.net.http.PlainHttpConnection.connectAsync(PlainHttpConnection.java:227)
at java.net.http/jdk.internal.net.http.Http1Exchange.sendHeadersAsync(Http1Exchange.java:312)
at java.net.http/jdk.internal.net.http.Exchange.lambda$responseAsyncImpl0$8(Exchange.java:581)
at java.net.http/jdk.internal.net.http.Exchange.checkFor407(Exchange.java:452)
at java.net.http/jdk.internal.net.http.Exchange.lambda$responseAsyncImpl0$9(Exchange.java:585)
at java.base/java.util.concurrent.CompletableFuture.uniHandle(CompletableFuture.java:934)
at java.base/java.util.concurrent.CompletableFuture.uniHandleStage(CompletableFuture.java:950)
at java.base/java.util.concurrent.CompletableFuture.handle(CompletableFuture.java:2372)
at java.net.http/jdk.internal.net.http.Exchange.responseAsyncImpl0(Exchange.java:585)
at java.net.http/jdk.internal.net.http.Exchange.responseAsyncImpl(Exchange.java:428)
at java.net.http/jdk.internal.net.http.Exchange.responseAsync(Exchange.java:420)
at java.net.http/jdk.internal.net.http.MultiExchange.responseAsyncImpl(MultiExchange.java:435)
at java.net.http/jdk.internal.net.http.MultiExchange.lambda$responseAsyncImpl$7(MultiExchange.java:477)
at java.base/java.util.concurrent.CompletableFuture.uniHandle(CompletableFuture.java:934)
at java.base/java.util.concurrent.CompletableFuture.uniHandleStage(CompletableFuture.java:950)
at java.base/java.util.concurrent.CompletableFuture.handle(CompletableFuture.java:2372)
at java.net.http/jdk.internal.net.http.MultiExchange.responseAsyncImpl(MultiExchange.java:467)
at java.net.http/jdk.internal.net.http.MultiExchange.lambda$responseAsync0$2(MultiExchange.java:355)
at java.base/java.util.concurrent.CompletableFuture$UniCompose.tryFire(CompletableFuture.java:1150)
at java.base/java.util.concurrent.CompletableFuture.postComplete(CompletableFuture.java:510)
at java.base/java.util.concurrent.CompletableFuture$AsyncSupply.run(CompletableFuture.java:1773)
at java.net.http/jdk.internal.net.http.HttpClientImpl$DelegatingExecutor.execute(HttpClientImpl.java:177)
at java.base/java.util.concurrent.CompletableFuture.completeAsync(CompletableFuture.java:2719)
at java.net.http/jdk.internal.net.http.MultiExchange.responseAsync(MultiExchange.java:308)
at java.net.http/jdk.internal.net.http.HttpClientImpl.sendAsync(HttpClientImpl.java:1053)
at java.net.http/jdk.internal.net.http.HttpClientImpl.send(HttpClientImpl.java:933)
... 10 more
Caused by: java.nio.channels.UnresolvedAddressException
at java.base/sun.nio.ch.Net.checkAddress(Net.java:137)
at java.base/sun.nio.ch.Net.checkAddress(Net.java:145)
at java.base/sun.nio.ch.SocketChannelImpl.checkRemote(SocketChannelImpl.java:842)
at java.base/sun.nio.ch.SocketChannelImpl.connect(SocketChannelImpl.java:865)
at java.net.http/jdk.internal.net.http.PlainHttpConnection.lambda$connectAsync$1(PlainHttpConnection.java:210)
at java.base/java.security.AccessController.doPrivileged(AccessController.java:571)
at java.net.http/jdk.internal.net.http.PlainHttpConnection.connectAsync(PlainHttpConnection.java:212)
... 35 more
]]>
            </full-stacktrace>
          </exception> <!-- java.lang.RuntimeException -->
          <reporter-output>
          </reporter-output>
        </test-method> <!-- setDriver -->
        <test-method is-config="true" signature="setUpDashboard()[pri:0, instance:com.orange.tests.DashboardTest@5fd4f8f5]" started-at="2026-04-14T23:58:10 IST" name="setUpDashboard" finished-at="2026-04-14T23:58:10 IST" duration-ms="0" status="SKIP">
          <reporter-output>
          </reporter-output>
        </test-method> <!-- setUpDashboard -->
        <test-method signature="verifyDashboardScrollable()[pri:0, instance:com.orange.tests.DashboardTest@5fd4f8f5]" started-at="2026-04-14T23:58:10 IST" name="verifyDashboardScrollable" description="Verify user is able to scroll to bottem in dashboard page" finished-at="2026-04-14T23:58:10 IST" duration-ms="0" status="SKIP">
          <exception class="java.lang.RuntimeException">
            <message>
              <![CDATA[Failed to create RemoteWebDriver]]>
            </message>
            <full-stacktrace>
              <![CDATA[java.lang.RuntimeException: Failed to create RemoteWebDriver
at com.orange.factory.DriverFactory.getRemoteDriver(DriverFactory.java:49)
at com.orange.factory.DriverFactory.createDriver(DriverFactory.java:26)
at com.orange.base.BaseTest.setDriver(BaseTest.java:31)
at java.base/jdk.internal.reflect.DirectMethodHandleAccessor.invoke(DirectMethodHandleAccessor.java:103)
at java.base/java.lang.reflect.Method.invoke(Method.java:580)
at org.testng.internal.invokers.MethodInvocationHelper.invokeMethod(MethodInvocationHelper.java:141)
at org.testng.internal.invokers.MethodInvocationHelper.invokeMethodConsideringTimeout(MethodInvocationHelper.java:71)
at org.testng.internal.invokers.ConfigInvoker.invokeConfigurationMethod(ConfigInvoker.java:400)
at org.testng.internal.invokers.ConfigInvoker.invokeConfigurations(ConfigInvoker.java:333)
at org.testng.internal.invokers.TestInvoker.runConfigMethods(TestInvoker.java:846)
at org.testng.internal.invokers.TestInvoker.invokeMethod(TestInvoker.java:611)
at org.testng.internal.invokers.TestInvoker.invokeTestMethod(TestInvoker.java:230)
at org.testng.internal.invokers.MethodRunner.runInSequence(MethodRunner.java:63)
at org.testng.internal.invokers.TestInvoker$MethodInvocationAgent.invoke(TestInvoker.java:1005)
at org.testng.internal.invokers.TestInvoker.invokeTestMethods(TestInvoker.java:203)
at org.testng.internal.invokers.TestMethodWorker.invokeTestMethods(TestMethodWorker.java:154)
at org.testng.internal.invokers.TestMethodWorker.run(TestMethodWorker.java:134)
at java.base/java.util.concurrent.Executors$RunnableAdapter.call(Executors.java:572)
at java.base/java.util.concurrent.FutureTask.run(FutureTask.java:317)
at org.testng.internal.thread.graph.TestNGFutureTask.run(TestNGFutureTask.java:22)
at java.base/java.util.concurrent.ThreadPoolExecutor.runWorker(ThreadPoolExecutor.java:1144)
at java.base/java.util.concurrent.ThreadPoolExecutor$Worker.run(ThreadPoolExecutor.java:642)
at java.base/java.lang.Thread.run(Thread.java:1583)
Caused by: org.openqa.selenium.SessionNotCreatedException: Could not start a new session. Possible causes are invalid address of the remote server or browser start-up failure. null 
Host info: host: 'ASV', ip: '192.168.1.6'
Build info: version: '4.41.0', revision: '9fc754f'
System info: os.name: 'Windows 11', os.arch: 'amd64', os.version: '10.0', java.version: '21.0.9'
Driver info: org.openqa.selenium.remote.RemoteWebDriver
Command: [null, newSession {capabilities=[Capabilities {browserName: chrome, goog:chromeOptions: {args: [], extensions: []}}]}]
Capabilities {browserName: chrome, goog:chromeOptions: {args: [], extensions: []}}
at org.openqa.selenium.remote.RemoteWebDriver.execute(RemoteWebDriver.java:625)
at org.openqa.selenium.remote.RemoteWebDriver.startSession(RemoteWebDriver.java:288)
at org.openqa.selenium.remote.RemoteWebDriver.<init>(RemoteWebDriver.java:211)
at org.openqa.selenium.remote.RemoteWebDriver.<init>(RemoteWebDriver.java:171)
at org.openqa.selenium.remote.RemoteWebDriver.<init>(RemoteWebDriver.java:167)
at com.orange.factory.DriverFactory.getRemoteDriver(DriverFactory.java:47)
... 22 more
Caused by: org.openqa.selenium.remote.http.jdk.ConnectionException: Connection error (POST http://hub:4444/wd/hub/session)
at org.openqa.selenium.remote.http.jdk.JdkHttpClient.execute0(JdkHttpClient.java:488)
at org.openqa.selenium.remote.http.AddSeleniumUserAgent.lambda$apply$0(AddSeleniumUserAgent.java:44)
at org.openqa.selenium.remote.http.Filter.lambda$andFinally$1(Filter.java:55)
at org.openqa.selenium.remote.http.jdk.JdkHttpClient.lambda$executeAsync$2(JdkHttpClient.java:389)
at java.base/java.util.concurrent.Executors$RunnableAdapter.call(Executors.java:572)
at java.base/java.util.concurrent.FutureTask.run(FutureTask.java:317)
... 3 more
Caused by: java.net.ConnectException
at java.net.http/jdk.internal.net.http.HttpClientImpl.send(HttpClientImpl.java:955)
at java.net.http/jdk.internal.net.http.HttpClientFacade.send(HttpClientFacade.java:133)
at org.openqa.selenium.remote.http.jdk.JdkHttpClient.execute0(JdkHttpClient.java:463)
... 8 more
Caused by: java.net.ConnectException
at java.net.http/jdk.internal.net.http.common.Utils.toConnectException(Utils.java:1065)
at java.net.http/jdk.internal.net.http.PlainHttpConnection.connectAsync(PlainHttpConnection.java:227)
at java.net.http/jdk.internal.net.http.Http1Exchange.sendHeadersAsync(Http1Exchange.java:312)
at java.net.http/jdk.internal.net.http.Exchange.lambda$responseAsyncImpl0$8(Exchange.java:581)
at java.net.http/jdk.internal.net.http.Exchange.checkFor407(Exchange.java:452)
at java.net.http/jdk.internal.net.http.Exchange.lambda$responseAsyncImpl0$9(Exchange.java:585)
at java.base/java.util.concurrent.CompletableFuture.uniHandle(CompletableFuture.java:934)
at java.base/java.util.concurrent.CompletableFuture.uniHandleStage(CompletableFuture.java:950)
at java.base/java.util.concurrent.CompletableFuture.handle(CompletableFuture.java:2372)
at java.net.http/jdk.internal.net.http.Exchange.responseAsyncImpl0(Exchange.java:585)
at java.net.http/jdk.internal.net.http.Exchange.responseAsyncImpl(Exchange.java:428)
at java.net.http/jdk.internal.net.http.Exchange.responseAsync(Exchange.java:420)
at java.net.http/jdk.internal.net.http.MultiExchange.responseAsyncImpl(MultiExchange.java:435)
at java.net.http/jdk.internal.net.http.MultiExchange.lambda$responseAsyncImpl$7(MultiExchange.java:477)
at java.base/java.util.concurrent.CompletableFuture.uniHandle(CompletableFuture.java:934)
at java.base/java.util.concurrent.CompletableFuture.uniHandleStage(CompletableFuture.java:950)
at java.base/java.util.concurrent.CompletableFuture.handle(CompletableFuture.java:2372)
at java.net.http/jdk.internal.net.http.MultiExchange.responseAsyncImpl(MultiExchange.java:467)
at java.net.http/jdk.internal.net.http.MultiExchange.lambda$responseAsync0$2(MultiExchange.java:355)
at java.base/java.util.concurrent.CompletableFuture$UniCompose.tryFire(CompletableFuture.java:1150)
at java.base/java.util.concurrent.CompletableFuture.postComplete(CompletableFuture.java:510)
at java.base/java.util.concurrent.CompletableFuture$AsyncSupply.run(CompletableFuture.java:1773)
at java.net.http/jdk.internal.net.http.HttpClientImpl$DelegatingExecutor.execute(HttpClientImpl.java:177)
at java.base/java.util.concurrent.CompletableFuture.completeAsync(CompletableFuture.java:2719)
at java.net.http/jdk.internal.net.http.MultiExchange.responseAsync(MultiExchange.java:308)
at java.net.http/jdk.internal.net.http.HttpClientImpl.sendAsync(HttpClientImpl.java:1053)
at java.net.http/jdk.internal.net.http.HttpClientImpl.send(HttpClientImpl.java:933)
... 10 more
Caused by: java.nio.channels.UnresolvedAddressException
at java.base/sun.nio.ch.Net.checkAddress(Net.java:137)
at java.base/sun.nio.ch.Net.checkAddress(Net.java:145)
at java.base/sun.nio.ch.SocketChannelImpl.checkRemote(SocketChannelImpl.java:842)
at java.base/sun.nio.ch.SocketChannelImpl.connect(SocketChannelImpl.java:865)
at java.net.http/jdk.internal.net.http.PlainHttpConnection.lambda$connectAsync$1(PlainHttpConnection.java:210)
at java.base/java.security.AccessController.doPrivileged(AccessController.java:571)
at java.net.http/jdk.internal.net.http.PlainHttpConnection.connectAsync(PlainHttpConnection.java:212)
... 35 more
]]>
            </full-stacktrace>
          </exception> <!-- java.lang.RuntimeException -->
          <reporter-output>
          </reporter-output>
        </test-method> <!-- verifyDashboardScrollable -->
        <test-method is-config="true" signature="quitDriver()[pri:0, instance:com.orange.tests.DashboardTest@5fd4f8f5]" started-at="2026-04-14T23:58:10 IST" name="quitDriver" finished-at="2026-04-14T23:58:10 IST" duration-ms="0" status="SKIP">
          <reporter-output>
          </reporter-output>
        </test-method> <!-- quitDriver -->
        <test-method is-config="true" signature="setDriver(org.testng.ITestContext)[pri:0, instance:com.orange.tests.DashboardTest@5fd4f8f5]" started-at="2026-04-14T23:58:10 IST" name="setDriver" finished-at="2026-04-14T23:58:10 IST" duration-ms="0" status="SKIP">
          <reporter-output>
          </reporter-output>
        </test-method> <!-- setDriver -->
        <test-method is-config="true" signature="setUpDashboard()[pri:0, instance:com.orange.tests.DashboardTest@5fd4f8f5]" started-at="2026-04-14T23:58:10 IST" name="setUpDashboard" finished-at="2026-04-14T23:58:10 IST" duration-ms="0" status="SKIP">
          <reporter-output>
          </reporter-output>
        </test-method> <!-- setUpDashboard -->
        <test-method signature="verifyTimeClickable()[pri:0, instance:com.orange.tests.DashboardTest@5fd4f8f5]" started-at="2026-04-14T23:58:10 IST" name="verifyTimeClickable" description="Verify time button is clicking navigating to Timepage" finished-at="2026-04-14T23:58:10 IST" duration-ms="0" status="SKIP">
          <exception class="java.lang.RuntimeException">
            <message>
              <![CDATA[Failed to create RemoteWebDriver]]>
            </message>
            <full-stacktrace>
              <![CDATA[java.lang.RuntimeException: Failed to create RemoteWebDriver
at com.orange.factory.DriverFactory.getRemoteDriver(DriverFactory.java:49)
at com.orange.factory.DriverFactory.createDriver(DriverFactory.java:26)
at com.orange.base.BaseTest.setDriver(BaseTest.java:31)
at java.base/jdk.internal.reflect.DirectMethodHandleAccessor.invoke(DirectMethodHandleAccessor.java:103)
at java.base/java.lang.reflect.Method.invoke(Method.java:580)
at org.testng.internal.invokers.MethodInvocationHelper.invokeMethod(MethodInvocationHelper.java:141)
at org.testng.internal.invokers.MethodInvocationHelper.invokeMethodConsideringTimeout(MethodInvocationHelper.java:71)
at org.testng.internal.invokers.ConfigInvoker.invokeConfigurationMethod(ConfigInvoker.java:400)
at org.testng.internal.invokers.ConfigInvoker.invokeConfigurations(ConfigInvoker.java:333)
at org.testng.internal.invokers.TestInvoker.runConfigMethods(TestInvoker.java:846)
at org.testng.internal.invokers.TestInvoker.invokeMethod(TestInvoker.java:611)
at org.testng.internal.invokers.TestInvoker.invokeTestMethod(TestInvoker.java:230)
at org.testng.internal.invokers.MethodRunner.runInSequence(MethodRunner.java:63)
at org.testng.internal.invokers.TestInvoker$MethodInvocationAgent.invoke(TestInvoker.java:1005)
at org.testng.internal.invokers.TestInvoker.invokeTestMethods(TestInvoker.java:203)
at org.testng.internal.invokers.TestMethodWorker.invokeTestMethods(TestMethodWorker.java:154)
at org.testng.internal.invokers.TestMethodWorker.run(TestMethodWorker.java:134)
at java.base/java.util.concurrent.Executors$RunnableAdapter.call(Executors.java:572)
at java.base/java.util.concurrent.FutureTask.run(FutureTask.java:317)
at org.testng.internal.thread.graph.TestNGFutureTask.run(TestNGFutureTask.java:22)
at java.base/java.util.concurrent.ThreadPoolExecutor.runWorker(ThreadPoolExecutor.java:1144)
at java.base/java.util.concurrent.ThreadPoolExecutor$Worker.run(ThreadPoolExecutor.java:642)
at java.base/java.lang.Thread.run(Thread.java:1583)
Caused by: org.openqa.selenium.SessionNotCreatedException: Could not start a new session. Possible causes are invalid address of the remote server or browser start-up failure. null 
Host info: host: 'ASV', ip: '192.168.1.6'
Build info: version: '4.41.0', revision: '9fc754f'
System info: os.name: 'Windows 11', os.arch: 'amd64', os.version: '10.0', java.version: '21.0.9'
Driver info: org.openqa.selenium.remote.RemoteWebDriver
Command: [null, newSession {capabilities=[Capabilities {browserName: chrome, goog:chromeOptions: {args: [], extensions: []}}]}]
Capabilities {browserName: chrome, goog:chromeOptions: {args: [], extensions: []}}
at org.openqa.selenium.remote.RemoteWebDriver.execute(RemoteWebDriver.java:625)
at org.openqa.selenium.remote.RemoteWebDriver.startSession(RemoteWebDriver.java:288)
at org.openqa.selenium.remote.RemoteWebDriver.<init>(RemoteWebDriver.java:211)
at org.openqa.selenium.remote.RemoteWebDriver.<init>(RemoteWebDriver.java:171)
at org.openqa.selenium.remote.RemoteWebDriver.<init>(RemoteWebDriver.java:167)
at com.orange.factory.DriverFactory.getRemoteDriver(DriverFactory.java:47)
... 22 more
Caused by: org.openqa.selenium.remote.http.jdk.ConnectionException: Connection error (POST http://hub:4444/wd/hub/session)
at org.openqa.selenium.remote.http.jdk.JdkHttpClient.execute0(JdkHttpClient.java:488)
at org.openqa.selenium.remote.http.AddSeleniumUserAgent.lambda$apply$0(AddSeleniumUserAgent.java:44)
at org.openqa.selenium.remote.http.Filter.lambda$andFinally$1(Filter.java:55)
at org.openqa.selenium.remote.http.jdk.JdkHttpClient.lambda$executeAsync$2(JdkHttpClient.java:389)
at java.base/java.util.concurrent.Executors$RunnableAdapter.call(Executors.java:572)
at java.base/java.util.concurrent.FutureTask.run(FutureTask.java:317)
... 3 more
Caused by: java.net.ConnectException
at java.net.http/jdk.internal.net.http.HttpClientImpl.send(HttpClientImpl.java:955)
at java.net.http/jdk.internal.net.http.HttpClientFacade.send(HttpClientFacade.java:133)
at org.openqa.selenium.remote.http.jdk.JdkHttpClient.execute0(JdkHttpClient.java:463)
... 8 more
Caused by: java.net.ConnectException
at java.net.http/jdk.internal.net.http.common.Utils.toConnectException(Utils.java:1065)
at java.net.http/jdk.internal.net.http.PlainHttpConnection.connectAsync(PlainHttpConnection.java:227)
at java.net.http/jdk.internal.net.http.Http1Exchange.sendHeadersAsync(Http1Exchange.java:312)
at java.net.http/jdk.internal.net.http.Exchange.lambda$responseAsyncImpl0$8(Exchange.java:581)
at java.net.http/jdk.internal.net.http.Exchange.checkFor407(Exchange.java:452)
at java.net.http/jdk.internal.net.http.Exchange.lambda$responseAsyncImpl0$9(Exchange.java:585)
at java.base/java.util.concurrent.CompletableFuture.uniHandle(CompletableFuture.java:934)
at java.base/java.util.concurrent.CompletableFuture.uniHandleStage(CompletableFuture.java:950)
at java.base/java.util.concurrent.CompletableFuture.handle(CompletableFuture.java:2372)
at java.net.http/jdk.internal.net.http.Exchange.responseAsyncImpl0(Exchange.java:585)
at java.net.http/jdk.internal.net.http.Exchange.responseAsyncImpl(Exchange.java:428)
at java.net.http/jdk.internal.net.http.Exchange.responseAsync(Exchange.java:420)
at java.net.http/jdk.internal.net.http.MultiExchange.responseAsyncImpl(MultiExchange.java:435)
at java.net.http/jdk.internal.net.http.MultiExchange.lambda$responseAsyncImpl$7(MultiExchange.java:477)
at java.base/java.util.concurrent.CompletableFuture.uniHandle(CompletableFuture.java:934)
at java.base/java.util.concurrent.CompletableFuture.uniHandleStage(CompletableFuture.java:950)
at java.base/java.util.concurrent.CompletableFuture.handle(CompletableFuture.java:2372)
at java.net.http/jdk.internal.net.http.MultiExchange.responseAsyncImpl(MultiExchange.java:467)
at java.net.http/jdk.internal.net.http.MultiExchange.lambda$responseAsync0$2(MultiExchange.java:355)
at java.base/java.util.concurrent.CompletableFuture$UniCompose.tryFire(CompletableFuture.java:1150)
at java.base/java.util.concurrent.CompletableFuture.postComplete(CompletableFuture.java:510)
at java.base/java.util.concurrent.CompletableFuture$AsyncSupply.run(CompletableFuture.java:1773)
at java.net.http/jdk.internal.net.http.HttpClientImpl$DelegatingExecutor.execute(HttpClientImpl.java:177)
at java.base/java.util.concurrent.CompletableFuture.completeAsync(CompletableFuture.java:2719)
at java.net.http/jdk.internal.net.http.MultiExchange.responseAsync(MultiExchange.java:308)
at java.net.http/jdk.internal.net.http.HttpClientImpl.sendAsync(HttpClientImpl.java:1053)
at java.net.http/jdk.internal.net.http.HttpClientImpl.send(HttpClientImpl.java:933)
... 10 more
Caused by: java.nio.channels.UnresolvedAddressException
at java.base/sun.nio.ch.Net.checkAddress(Net.java:137)
at java.base/sun.nio.ch.Net.checkAddress(Net.java:145)
at java.base/sun.nio.ch.SocketChannelImpl.checkRemote(SocketChannelImpl.java:842)
at java.base/sun.nio.ch.SocketChannelImpl.connect(SocketChannelImpl.java:865)
at java.net.http/jdk.internal.net.http.PlainHttpConnection.lambda$connectAsync$1(PlainHttpConnection.java:210)
at java.base/java.security.AccessController.doPrivileged(AccessController.java:571)
at java.net.http/jdk.internal.net.http.PlainHttpConnection.connectAsync(PlainHttpConnection.java:212)
... 35 more
]]>
            </full-stacktrace>
          </exception> <!-- java.lang.RuntimeException -->
          <reporter-output>
          </reporter-output>
        </test-method> <!-- verifyTimeClickable -->
        <test-method is-config="true" signature="quitDriver()[pri:0, instance:com.orange.tests.DashboardTest@5fd4f8f5]" started-at="2026-04-14T23:58:10 IST" name="quitDriver" finished-at="2026-04-14T23:58:10 IST" duration-ms="0" status="SKIP">
          <reporter-output>
          </reporter-output>
        </test-method> <!-- quitDriver -->
      </class> <!-- com.orange.tests.DashboardTest -->
      <class name="com.orange.tests.TimeTest">
        <test-method is-config="true" signature="setDriver(org.testng.ITestContext)[pri:0, instance:com.orange.tests.TimeTest@a2431d0]" started-at="2026-04-14T23:58:10 IST" name="setDriver" finished-at="2026-04-14T23:58:10 IST" duration-ms="11" status="FAIL">
          <params>
            <param index="0">
              <value>
                <![CDATA[org.testng.TestRunner@4904f26e]]>
              </value>
            </param>
          </params>
          <exception class="java.lang.RuntimeException">
            <message>
              <![CDATA[Failed to create RemoteWebDriver]]>
            </message>
            <full-stacktrace>
              <![CDATA[java.lang.RuntimeException: Failed to create RemoteWebDriver
at com.orange.factory.DriverFactory.getRemoteDriver(DriverFactory.java:49)
at com.orange.factory.DriverFactory.createDriver(DriverFactory.java:26)
at com.orange.base.BaseTest.setDriver(BaseTest.java:31)
at java.base/jdk.internal.reflect.DirectMethodHandleAccessor.invoke(DirectMethodHandleAccessor.java:103)
at java.base/java.lang.reflect.Method.invoke(Method.java:580)
at org.testng.internal.invokers.MethodInvocationHelper.invokeMethod(MethodInvocationHelper.java:141)
at org.testng.internal.invokers.MethodInvocationHelper.invokeMethodConsideringTimeout(MethodInvocationHelper.java:71)
at org.testng.internal.invokers.ConfigInvoker.invokeConfigurationMethod(ConfigInvoker.java:400)
at org.testng.internal.invokers.ConfigInvoker.invokeConfigurations(ConfigInvoker.java:333)
at org.testng.internal.invokers.TestInvoker.runConfigMethods(TestInvoker.java:846)
at org.testng.internal.invokers.TestInvoker.invokeMethod(TestInvoker.java:611)
at org.testng.internal.invokers.TestInvoker.invokeTestMethod(TestInvoker.java:230)
at org.testng.internal.invokers.MethodRunner.runInSequence(MethodRunner.java:63)
at org.testng.internal.invokers.TestInvoker$MethodInvocationAgent.invoke(TestInvoker.java:1005)
at org.testng.internal.invokers.TestInvoker.invokeTestMethods(TestInvoker.java:203)
at org.testng.internal.invokers.TestMethodWorker.invokeTestMethods(TestMethodWorker.java:154)
at org.testng.internal.invokers.TestMethodWorker.run(TestMethodWorker.java:134)
at java.base/java.util.concurrent.Executors$RunnableAdapter.call(Executors.java:572)
at java.base/java.util.concurrent.FutureTask.run(FutureTask.java:317)
at org.testng.internal.thread.graph.TestNGFutureTask.run(TestNGFutureTask.java:22)
at java.base/java.util.concurrent.ThreadPoolExecutor.runWorker(ThreadPoolExecutor.java:1144)
at java.base/java.util.concurrent.ThreadPoolExecutor$Worker.run(ThreadPoolExecutor.java:642)
at java.base/java.lang.Thread.run(Thread.java:1583)
Caused by: org.openqa.selenium.SessionNotCreatedException: Could not start a new session. Possible causes are invalid address of the remote server or browser start-up failure. null 
Host info: host: 'ASV', ip: '192.168.1.6'
Build info: version: '4.41.0', revision: '9fc754f'
System info: os.name: 'Windows 11', os.arch: 'amd64', os.version: '10.0', java.version: '21.0.9'
Driver info: org.openqa.selenium.remote.RemoteWebDriver
Command: [null, newSession {capabilities=[Capabilities {browserName: chrome, goog:chromeOptions: {args: [], extensions: []}}]}]
Capabilities {browserName: chrome, goog:chromeOptions: {args: [], extensions: []}}
at org.openqa.selenium.remote.RemoteWebDriver.execute(RemoteWebDriver.java:625)
at org.openqa.selenium.remote.RemoteWebDriver.startSession(RemoteWebDriver.java:288)
at org.openqa.selenium.remote.RemoteWebDriver.<init>(RemoteWebDriver.java:211)
at org.openqa.selenium.remote.RemoteWebDriver.<init>(RemoteWebDriver.java:171)
at org.openqa.selenium.remote.RemoteWebDriver.<init>(RemoteWebDriver.java:167)
at com.orange.factory.DriverFactory.getRemoteDriver(DriverFactory.java:47)
... 22 more
Caused by: org.openqa.selenium.remote.http.jdk.ConnectionException: Connection error (POST http://hub:4444/wd/hub/session)
at org.openqa.selenium.remote.http.jdk.JdkHttpClient.execute0(JdkHttpClient.java:488)
at org.openqa.selenium.remote.http.AddSeleniumUserAgent.lambda$apply$0(AddSeleniumUserAgent.java:44)
at org.openqa.selenium.remote.http.Filter.lambda$andFinally$1(Filter.java:55)
at org.openqa.selenium.remote.http.jdk.JdkHttpClient.lambda$executeAsync$2(JdkHttpClient.java:389)
at java.base/java.util.concurrent.Executors$RunnableAdapter.call(Executors.java:572)
at java.base/java.util.concurrent.FutureTask.run(FutureTask.java:317)
... 3 more
Caused by: java.net.ConnectException
at java.net.http/jdk.internal.net.http.HttpClientImpl.send(HttpClientImpl.java:955)
at java.net.http/jdk.internal.net.http.HttpClientFacade.send(HttpClientFacade.java:133)
at org.openqa.selenium.remote.http.jdk.JdkHttpClient.execute0(JdkHttpClient.java:463)
... 8 more
Caused by: java.net.ConnectException
at java.net.http/jdk.internal.net.http.common.Utils.toConnectException(Utils.java:1065)
at java.net.http/jdk.internal.net.http.PlainHttpConnection.connectAsync(PlainHttpConnection.java:227)
at java.net.http/jdk.internal.net.http.Http1Exchange.sendHeadersAsync(Http1Exchange.java:312)
at java.net.http/jdk.internal.net.http.Exchange.lambda$responseAsyncImpl0$8(Exchange.java:581)
at java.net.http/jdk.internal.net.http.Exchange.checkFor407(Exchange.java:452)
at java.net.http/jdk.internal.net.http.Exchange.lambda$responseAsyncImpl0$9(Exchange.java:585)
at java.base/java.util.concurrent.CompletableFuture.uniHandle(CompletableFuture.java:934)
at java.base/java.util.concurrent.CompletableFuture.uniHandleStage(CompletableFuture.java:950)
at java.base/java.util.concurrent.CompletableFuture.handle(CompletableFuture.java:2372)
at java.net.http/jdk.internal.net.http.Exchange.responseAsyncImpl0(Exchange.java:585)
at java.net.http/jdk.internal.net.http.Exchange.responseAsyncImpl(Exchange.java:428)
at java.net.http/jdk.internal.net.http.Exchange.responseAsync(Exchange.java:420)
at java.net.http/jdk.internal.net.http.MultiExchange.responseAsyncImpl(MultiExchange.java:435)
at java.net.http/jdk.internal.net.http.MultiExchange.lambda$responseAsyncImpl$7(MultiExchange.java:477)
at java.base/java.util.concurrent.CompletableFuture.uniHandle(CompletableFuture.java:934)
at java.base/java.util.concurrent.CompletableFuture.uniHandleStage(CompletableFuture.java:950)
at java.base/java.util.concurrent.CompletableFuture.handle(CompletableFuture.java:2372)
at java.net.http/jdk.internal.net.http.MultiExchange.responseAsyncImpl(MultiExchange.java:467)
at java.net.http/jdk.internal.net.http.MultiExchange.lambda$responseAsync0$2(MultiExchange.java:355)
at java.base/java.util.concurrent.CompletableFuture$UniCompose.tryFire(CompletableFuture.java:1150)
at java.base/java.util.concurrent.CompletableFuture.postComplete(CompletableFuture.java:510)
at java.base/java.util.concurrent.CompletableFuture$AsyncSupply.run(CompletableFuture.java:1773)
at java.net.http/jdk.internal.net.http.HttpClientImpl$DelegatingExecutor.execute(HttpClientImpl.java:177)
at java.base/java.util.concurrent.CompletableFuture.completeAsync(CompletableFuture.java:2719)
at java.net.http/jdk.internal.net.http.MultiExchange.responseAsync(MultiExchange.java:308)
at java.net.http/jdk.internal.net.http.HttpClientImpl.sendAsync(HttpClientImpl.java:1053)
at java.net.http/jdk.internal.net.http.HttpClientImpl.send(HttpClientImpl.java:933)
... 10 more
Caused by: java.nio.channels.UnresolvedAddressException
at java.base/sun.nio.ch.Net.checkAddress(Net.java:137)
at java.base/sun.nio.ch.Net.checkAddress(Net.java:145)
at java.base/sun.nio.ch.SocketChannelImpl.checkRemote(SocketChannelImpl.java:842)
at java.base/sun.nio.ch.SocketChannelImpl.connect(SocketChannelImpl.java:865)
at java.net.http/jdk.internal.net.http.PlainHttpConnection.lambda$connectAsync$1(PlainHttpConnection.java:210)
at java.base/java.security.AccessController.doPrivileged(AccessController.java:571)
at java.net.http/jdk.internal.net.http.PlainHttpConnection.connectAsync(PlainHttpConnection.java:212)
... 35 more
]]>
            </full-stacktrace>
          </exception> <!-- java.lang.RuntimeException -->
          <reporter-output>
          </reporter-output>
        </test-method> <!-- setDriver -->
        <test-method is-config="true" signature="setUpTimePage()[pri:0, instance:com.orange.tests.TimeTest@a2431d0]" started-at="2026-04-14T23:58:10 IST" name="setUpTimePage" finished-at="2026-04-14T23:58:10 IST" duration-ms="0" status="SKIP">
          <reporter-output>
          </reporter-output>
        </test-method> <!-- setUpTimePage -->
        <test-method signature="verifyAllElementsPresent()[pri:0, instance:com.orange.tests.TimeTest@a2431d0]" started-at="2026-04-14T23:58:10 IST" name="verifyAllElementsPresent" description="Verify all the UI elements are shown in page" finished-at="2026-04-14T23:58:10 IST" duration-ms="0" status="SKIP">
          <exception class="java.lang.RuntimeException">
            <message>
              <![CDATA[Failed to create RemoteWebDriver]]>
            </message>
            <full-stacktrace>
              <![CDATA[java.lang.RuntimeException: Failed to create RemoteWebDriver
at com.orange.factory.DriverFactory.getRemoteDriver(DriverFactory.java:49)
at com.orange.factory.DriverFactory.createDriver(DriverFactory.java:26)
at com.orange.base.BaseTest.setDriver(BaseTest.java:31)
at java.base/jdk.internal.reflect.DirectMethodHandleAccessor.invoke(DirectMethodHandleAccessor.java:103)
at java.base/java.lang.reflect.Method.invoke(Method.java:580)
at org.testng.internal.invokers.MethodInvocationHelper.invokeMethod(MethodInvocationHelper.java:141)
at org.testng.internal.invokers.MethodInvocationHelper.invokeMethodConsideringTimeout(MethodInvocationHelper.java:71)
at org.testng.internal.invokers.ConfigInvoker.invokeConfigurationMethod(ConfigInvoker.java:400)
at org.testng.internal.invokers.ConfigInvoker.invokeConfigurations(ConfigInvoker.java:333)
at org.testng.internal.invokers.TestInvoker.runConfigMethods(TestInvoker.java:846)
at org.testng.internal.invokers.TestInvoker.invokeMethod(TestInvoker.java:611)
at org.testng.internal.invokers.TestInvoker.invokeTestMethod(TestInvoker.java:230)
at org.testng.internal.invokers.MethodRunner.runInSequence(MethodRunner.java:63)
at org.testng.internal.invokers.TestInvoker$MethodInvocationAgent.invoke(TestInvoker.java:1005)
at org.testng.internal.invokers.TestInvoker.invokeTestMethods(TestInvoker.java:203)
at org.testng.internal.invokers.TestMethodWorker.invokeTestMethods(TestMethodWorker.java:154)
at org.testng.internal.invokers.TestMethodWorker.run(TestMethodWorker.java:134)
at java.base/java.util.concurrent.Executors$RunnableAdapter.call(Executors.java:572)
at java.base/java.util.concurrent.FutureTask.run(FutureTask.java:317)
at org.testng.internal.thread.graph.TestNGFutureTask.run(TestNGFutureTask.java:22)
at java.base/java.util.concurrent.ThreadPoolExecutor.runWorker(ThreadPoolExecutor.java:1144)
at java.base/java.util.concurrent.ThreadPoolExecutor$Worker.run(ThreadPoolExecutor.java:642)
at java.base/java.lang.Thread.run(Thread.java:1583)
Caused by: org.openqa.selenium.SessionNotCreatedException: Could not start a new session. Possible causes are invalid address of the remote server or browser start-up failure. null 
Host info: host: 'ASV', ip: '192.168.1.6'
Build info: version: '4.41.0', revision: '9fc754f'
System info: os.name: 'Windows 11', os.arch: 'amd64', os.version: '10.0', java.version: '21.0.9'
Driver info: org.openqa.selenium.remote.RemoteWebDriver
Command: [null, newSession {capabilities=[Capabilities {browserName: chrome, goog:chromeOptions: {args: [], extensions: []}}]}]
Capabilities {browserName: chrome, goog:chromeOptions: {args: [], extensions: []}}
at org.openqa.selenium.remote.RemoteWebDriver.execute(RemoteWebDriver.java:625)
at org.openqa.selenium.remote.RemoteWebDriver.startSession(RemoteWebDriver.java:288)
at org.openqa.selenium.remote.RemoteWebDriver.<init>(RemoteWebDriver.java:211)
at org.openqa.selenium.remote.RemoteWebDriver.<init>(RemoteWebDriver.java:171)
at org.openqa.selenium.remote.RemoteWebDriver.<init>(RemoteWebDriver.java:167)
at com.orange.factory.DriverFactory.getRemoteDriver(DriverFactory.java:47)
... 22 more
Caused by: org.openqa.selenium.remote.http.jdk.ConnectionException: Connection error (POST http://hub:4444/wd/hub/session)
at org.openqa.selenium.remote.http.jdk.JdkHttpClient.execute0(JdkHttpClient.java:488)
at org.openqa.selenium.remote.http.AddSeleniumUserAgent.lambda$apply$0(AddSeleniumUserAgent.java:44)
at org.openqa.selenium.remote.http.Filter.lambda$andFinally$1(Filter.java:55)
at org.openqa.selenium.remote.http.jdk.JdkHttpClient.lambda$executeAsync$2(JdkHttpClient.java:389)
at java.base/java.util.concurrent.Executors$RunnableAdapter.call(Executors.java:572)
at java.base/java.util.concurrent.FutureTask.run(FutureTask.java:317)
... 3 more
Caused by: java.net.ConnectException
at java.net.http/jdk.internal.net.http.HttpClientImpl.send(HttpClientImpl.java:955)
at java.net.http/jdk.internal.net.http.HttpClientFacade.send(HttpClientFacade.java:133)
at org.openqa.selenium.remote.http.jdk.JdkHttpClient.execute0(JdkHttpClient.java:463)
... 8 more
Caused by: java.net.ConnectException
at java.net.http/jdk.internal.net.http.common.Utils.toConnectException(Utils.java:1065)
at java.net.http/jdk.internal.net.http.PlainHttpConnection.connectAsync(PlainHttpConnection.java:227)
at java.net.http/jdk.internal.net.http.Http1Exchange.sendHeadersAsync(Http1Exchange.java:312)
at java.net.http/jdk.internal.net.http.Exchange.lambda$responseAsyncImpl0$8(Exchange.java:581)
at java.net.http/jdk.internal.net.http.Exchange.checkFor407(Exchange.java:452)
at java.net.http/jdk.internal.net.http.Exchange.lambda$responseAsyncImpl0$9(Exchange.java:585)
at java.base/java.util.concurrent.CompletableFuture.uniHandle(CompletableFuture.java:934)
at java.base/java.util.concurrent.CompletableFuture.uniHandleStage(CompletableFuture.java:950)
at java.base/java.util.concurrent.CompletableFuture.handle(CompletableFuture.java:2372)
at java.net.http/jdk.internal.net.http.Exchange.responseAsyncImpl0(Exchange.java:585)
at java.net.http/jdk.internal.net.http.Exchange.responseAsyncImpl(Exchange.java:428)
at java.net.http/jdk.internal.net.http.Exchange.responseAsync(Exchange.java:420)
at java.net.http/jdk.internal.net.http.MultiExchange.responseAsyncImpl(MultiExchange.java:435)
at java.net.http/jdk.internal.net.http.MultiExchange.lambda$responseAsyncImpl$7(MultiExchange.java:477)
at java.base/java.util.concurrent.CompletableFuture.uniHandle(CompletableFuture.java:934)
at java.base/java.util.concurrent.CompletableFuture.uniHandleStage(CompletableFuture.java:950)
at java.base/java.util.concurrent.CompletableFuture.handle(CompletableFuture.java:2372)
at java.net.http/jdk.internal.net.http.MultiExchange.responseAsyncImpl(MultiExchange.java:467)
at java.net.http/jdk.internal.net.http.MultiExchange.lambda$responseAsync0$2(MultiExchange.java:355)
at java.base/java.util.concurrent.CompletableFuture$UniCompose.tryFire(CompletableFuture.java:1150)
at java.base/java.util.concurrent.CompletableFuture.postComplete(CompletableFuture.java:510)
at java.base/java.util.concurrent.CompletableFuture$AsyncSupply.run(CompletableFuture.java:1773)
at java.net.http/jdk.internal.net.http.HttpClientImpl$DelegatingExecutor.execute(HttpClientImpl.java:177)
at java.base/java.util.concurrent.CompletableFuture.completeAsync(CompletableFuture.java:2719)
at java.net.http/jdk.internal.net.http.MultiExchange.responseAsync(MultiExchange.java:308)
at java.net.http/jdk.internal.net.http.HttpClientImpl.sendAsync(HttpClientImpl.java:1053)
at java.net.http/jdk.internal.net.http.HttpClientImpl.send(HttpClientImpl.java:933)
... 10 more
Caused by: java.nio.channels.UnresolvedAddressException
at java.base/sun.nio.ch.Net.checkAddress(Net.java:137)
at java.base/sun.nio.ch.Net.checkAddress(Net.java:145)
at java.base/sun.nio.ch.SocketChannelImpl.checkRemote(SocketChannelImpl.java:842)
at java.base/sun.nio.ch.SocketChannelImpl.connect(SocketChannelImpl.java:865)
at java.net.http/jdk.internal.net.http.PlainHttpConnection.lambda$connectAsync$1(PlainHttpConnection.java:210)
at java.base/java.security.AccessController.doPrivileged(AccessController.java:571)
at java.net.http/jdk.internal.net.http.PlainHttpConnection.connectAsync(PlainHttpConnection.java:212)
... 35 more
]]>
            </full-stacktrace>
          </exception> <!-- java.lang.RuntimeException -->
          <reporter-output>
          </reporter-output>
        </test-method> <!-- verifyAllElementsPresent -->
        <test-method is-config="true" signature="quitDriver()[pri:0, instance:com.orange.tests.TimeTest@a2431d0]" started-at="2026-04-14T23:58:10 IST" name="quitDriver" finished-at="2026-04-14T23:58:10 IST" duration-ms="0" status="SKIP">
          <reporter-output>
          </reporter-output>
        </test-method> <!-- quitDriver -->
        <test-method is-config="true" signature="setDriver(org.testng.ITestContext)[pri:0, instance:com.orange.tests.TimeTest@a2431d0]" started-at="2026-04-14T23:58:10 IST" name="setDriver" finished-at="2026-04-14T23:58:10 IST" duration-ms="0" status="SKIP">
          <reporter-output>
          </reporter-output>
        </test-method> <!-- setDriver -->
        <test-method is-config="true" signature="setUpTimePage()[pri:0, instance:com.orange.tests.TimeTest@a2431d0]" started-at="2026-04-14T23:58:10 IST" name="setUpTimePage" finished-at="2026-04-14T23:58:10 IST" duration-ms="0" status="SKIP">
          <reporter-output>
          </reporter-output>
        </test-method> <!-- setUpTimePage -->
        <test-method signature="verifyMyRecords()[pri:0, instance:com.orange.tests.TimeTest@a2431d0]" started-at="2026-04-14T23:58:10 IST" name="verifyMyRecords" description="Verify my records option is clickable" finished-at="2026-04-14T23:58:10 IST" duration-ms="0" status="SKIP">
          <exception class="java.lang.RuntimeException">
            <message>
              <![CDATA[Failed to create RemoteWebDriver]]>
            </message>
            <full-stacktrace>
              <![CDATA[java.lang.RuntimeException: Failed to create RemoteWebDriver
at com.orange.factory.DriverFactory.getRemoteDriver(DriverFactory.java:49)
at com.orange.factory.DriverFactory.createDriver(DriverFactory.java:26)
at com.orange.base.BaseTest.setDriver(BaseTest.java:31)
at java.base/jdk.internal.reflect.DirectMethodHandleAccessor.invoke(DirectMethodHandleAccessor.java:103)
at java.base/java.lang.reflect.Method.invoke(Method.java:580)
at org.testng.internal.invokers.MethodInvocationHelper.invokeMethod(MethodInvocationHelper.java:141)
at org.testng.internal.invokers.MethodInvocationHelper.invokeMethodConsideringTimeout(MethodInvocationHelper.java:71)
at org.testng.internal.invokers.ConfigInvoker.invokeConfigurationMethod(ConfigInvoker.java:400)
at org.testng.internal.invokers.ConfigInvoker.invokeConfigurations(ConfigInvoker.java:333)
at org.testng.internal.invokers.TestInvoker.runConfigMethods(TestInvoker.java:846)
at org.testng.internal.invokers.TestInvoker.invokeMethod(TestInvoker.java:611)
at org.testng.internal.invokers.TestInvoker.invokeTestMethod(TestInvoker.java:230)
at org.testng.internal.invokers.MethodRunner.runInSequence(MethodRunner.java:63)
at org.testng.internal.invokers.TestInvoker$MethodInvocationAgent.invoke(TestInvoker.java:1005)
at org.testng.internal.invokers.TestInvoker.invokeTestMethods(TestInvoker.java:203)
at org.testng.internal.invokers.TestMethodWorker.invokeTestMethods(TestMethodWorker.java:154)
at org.testng.internal.invokers.TestMethodWorker.run(TestMethodWorker.java:134)
at java.base/java.util.concurrent.Executors$RunnableAdapter.call(Executors.java:572)
at java.base/java.util.concurrent.FutureTask.run(FutureTask.java:317)
at org.testng.internal.thread.graph.TestNGFutureTask.run(TestNGFutureTask.java:22)
at java.base/java.util.concurrent.ThreadPoolExecutor.runWorker(ThreadPoolExecutor.java:1144)
at java.base/java.util.concurrent.ThreadPoolExecutor$Worker.run(ThreadPoolExecutor.java:642)
at java.base/java.lang.Thread.run(Thread.java:1583)
Caused by: org.openqa.selenium.SessionNotCreatedException: Could not start a new session. Possible causes are invalid address of the remote server or browser start-up failure. null 
Host info: host: 'ASV', ip: '192.168.1.6'
Build info: version: '4.41.0', revision: '9fc754f'
System info: os.name: 'Windows 11', os.arch: 'amd64', os.version: '10.0', java.version: '21.0.9'
Driver info: org.openqa.selenium.remote.RemoteWebDriver
Command: [null, newSession {capabilities=[Capabilities {browserName: chrome, goog:chromeOptions: {args: [], extensions: []}}]}]
Capabilities {browserName: chrome, goog:chromeOptions: {args: [], extensions: []}}
at org.openqa.selenium.remote.RemoteWebDriver.execute(RemoteWebDriver.java:625)
at org.openqa.selenium.remote.RemoteWebDriver.startSession(RemoteWebDriver.java:288)
at org.openqa.selenium.remote.RemoteWebDriver.<init>(RemoteWebDriver.java:211)
at org.openqa.selenium.remote.RemoteWebDriver.<init>(RemoteWebDriver.java:171)
at org.openqa.selenium.remote.RemoteWebDriver.<init>(RemoteWebDriver.java:167)
at com.orange.factory.DriverFactory.getRemoteDriver(DriverFactory.java:47)
... 22 more
Caused by: org.openqa.selenium.remote.http.jdk.ConnectionException: Connection error (POST http://hub:4444/wd/hub/session)
at org.openqa.selenium.remote.http.jdk.JdkHttpClient.execute0(JdkHttpClient.java:488)
at org.openqa.selenium.remote.http.AddSeleniumUserAgent.lambda$apply$0(AddSeleniumUserAgent.java:44)
at org.openqa.selenium.remote.http.Filter.lambda$andFinally$1(Filter.java:55)
at org.openqa.selenium.remote.http.jdk.JdkHttpClient.lambda$executeAsync$2(JdkHttpClient.java:389)
at java.base/java.util.concurrent.Executors$RunnableAdapter.call(Executors.java:572)
at java.base/java.util.concurrent.FutureTask.run(FutureTask.java:317)
... 3 more
Caused by: java.net.ConnectException
at java.net.http/jdk.internal.net.http.HttpClientImpl.send(HttpClientImpl.java:955)
at java.net.http/jdk.internal.net.http.HttpClientFacade.send(HttpClientFacade.java:133)
at org.openqa.selenium.remote.http.jdk.JdkHttpClient.execute0(JdkHttpClient.java:463)
... 8 more
Caused by: java.net.ConnectException
at java.net.http/jdk.internal.net.http.common.Utils.toConnectException(Utils.java:1065)
at java.net.http/jdk.internal.net.http.PlainHttpConnection.connectAsync(PlainHttpConnection.java:227)
at java.net.http/jdk.internal.net.http.Http1Exchange.sendHeadersAsync(Http1Exchange.java:312)
at java.net.http/jdk.internal.net.http.Exchange.lambda$responseAsyncImpl0$8(Exchange.java:581)
at java.net.http/jdk.internal.net.http.Exchange.checkFor407(Exchange.java:452)
at java.net.http/jdk.internal.net.http.Exchange.lambda$responseAsyncImpl0$9(Exchange.java:585)
at java.base/java.util.concurrent.CompletableFuture.uniHandle(CompletableFuture.java:934)
at java.base/java.util.concurrent.CompletableFuture.uniHandleStage(CompletableFuture.java:950)
at java.base/java.util.concurrent.CompletableFuture.handle(CompletableFuture.java:2372)
at java.net.http/jdk.internal.net.http.Exchange.responseAsyncImpl0(Exchange.java:585)
at java.net.http/jdk.internal.net.http.Exchange.responseAsyncImpl(Exchange.java:428)
at java.net.http/jdk.internal.net.http.Exchange.responseAsync(Exchange.java:420)
at java.net.http/jdk.internal.net.http.MultiExchange.responseAsyncImpl(MultiExchange.java:435)
at java.net.http/jdk.internal.net.http.MultiExchange.lambda$responseAsyncImpl$7(MultiExchange.java:477)
at java.base/java.util.concurrent.CompletableFuture.uniHandle(CompletableFuture.java:934)
at java.base/java.util.concurrent.CompletableFuture.uniHandleStage(CompletableFuture.java:950)
at java.base/java.util.concurrent.CompletableFuture.handle(CompletableFuture.java:2372)
at java.net.http/jdk.internal.net.http.MultiExchange.responseAsyncImpl(MultiExchange.java:467)
at java.net.http/jdk.internal.net.http.MultiExchange.lambda$responseAsync0$2(MultiExchange.java:355)
at java.base/java.util.concurrent.CompletableFuture$UniCompose.tryFire(CompletableFuture.java:1150)
at java.base/java.util.concurrent.CompletableFuture.postComplete(CompletableFuture.java:510)
at java.base/java.util.concurrent.CompletableFuture$AsyncSupply.run(CompletableFuture.java:1773)
at java.net.http/jdk.internal.net.http.HttpClientImpl$DelegatingExecutor.execute(HttpClientImpl.java:177)
at java.base/java.util.concurrent.CompletableFuture.completeAsync(CompletableFuture.java:2719)
at java.net.http/jdk.internal.net.http.MultiExchange.responseAsync(MultiExchange.java:308)
at java.net.http/jdk.internal.net.http.HttpClientImpl.sendAsync(HttpClientImpl.java:1053)
at java.net.http/jdk.internal.net.http.HttpClientImpl.send(HttpClientImpl.java:933)
... 10 more
Caused by: java.nio.channels.UnresolvedAddressException
at java.base/sun.nio.ch.Net.checkAddress(Net.java:137)
at java.base/sun.nio.ch.Net.checkAddress(Net.java:145)
at java.base/sun.nio.ch.SocketChannelImpl.checkRemote(SocketChannelImpl.java:842)
at java.base/sun.nio.ch.SocketChannelImpl.connect(SocketChannelImpl.java:865)
at java.net.http/jdk.internal.net.http.PlainHttpConnection.lambda$connectAsync$1(PlainHttpConnection.java:210)
at java.base/java.security.AccessController.doPrivileged(AccessController.java:571)
at java.net.http/jdk.internal.net.http.PlainHttpConnection.connectAsync(PlainHttpConnection.java:212)
... 35 more
]]>
            </full-stacktrace>
          </exception> <!-- java.lang.RuntimeException -->
          <reporter-output>
          </reporter-output>
        </test-method> <!-- verifyMyRecords -->
        <test-method is-config="true" signature="quitDriver()[pri:0, instance:com.orange.tests.TimeTest@a2431d0]" started-at="2026-04-14T23:58:10 IST" name="quitDriver" finished-at="2026-04-14T23:58:10 IST" duration-ms="0" status="SKIP">
          <reporter-output>
          </reporter-output>
        </test-method> <!-- quitDriver -->
        <test-method is-config="true" signature="setDriver(org.testng.ITestContext)[pri:0, instance:com.orange.tests.TimeTest@a2431d0]" started-at="2026-04-14T23:58:10 IST" name="setDriver" finished-at="2026-04-14T23:58:10 IST" duration-ms="0" status="SKIP">
          <reporter-output>
          </reporter-output>
        </test-method> <!-- setDriver -->
        <test-method signature="verifyTimePageLoaded()[pri:0, instance:com.orange.tests.TimeTest@a2431d0]" started-at="2026-04-14T23:58:10 IST" name="verifyTimePageLoaded" description="Verify timepage loaded successfully" finished-at="2026-04-14T23:58:10 IST" duration-ms="0" status="SKIP">
          <exception class="java.lang.RuntimeException">
            <message>
              <![CDATA[Failed to create RemoteWebDriver]]>
            </message>
            <full-stacktrace>
              <![CDATA[java.lang.RuntimeException: Failed to create RemoteWebDriver
at com.orange.factory.DriverFactory.getRemoteDriver(DriverFactory.java:49)
at com.orange.factory.DriverFactory.createDriver(DriverFactory.java:26)
at com.orange.base.BaseTest.setDriver(BaseTest.java:31)
at java.base/jdk.internal.reflect.DirectMethodHandleAccessor.invoke(DirectMethodHandleAccessor.java:103)
at java.base/java.lang.reflect.Method.invoke(Method.java:580)
at org.testng.internal.invokers.MethodInvocationHelper.invokeMethod(MethodInvocationHelper.java:141)
at org.testng.internal.invokers.MethodInvocationHelper.invokeMethodConsideringTimeout(MethodInvocationHelper.java:71)
at org.testng.internal.invokers.ConfigInvoker.invokeConfigurationMethod(ConfigInvoker.java:400)
at org.testng.internal.invokers.ConfigInvoker.invokeConfigurations(ConfigInvoker.java:333)
at org.testng.internal.invokers.TestInvoker.runConfigMethods(TestInvoker.java:846)
at org.testng.internal.invokers.TestInvoker.invokeMethod(TestInvoker.java:611)
at org.testng.internal.invokers.TestInvoker.invokeTestMethod(TestInvoker.java:230)
[...]
            </message>
            <full-stacktrace>
              <![CDATA[java.lang.RuntimeException: java.io.FileNotFoundException: testdata\candidatesdetails.xlsx (The system cannot find the path specified)
at org.testng.internal.invokers.MethodInvocationHelper.invokeMethodNoCheckedException(MethodInvocationHelper.java:58)
at org.testng.internal.invokers.MethodInvocationHelper.invokeDataProvider(MethodInvocationHelper.java:159)
at org.testng.internal.Parameters.handleParameters(Parameters.java:809)
at org.testng.internal.Parameters.handleParameters(Parameters.java:734)
at org.testng.internal.invokers.ParameterHandler.handleParameters(ParameterHandler.java:72)
at org.testng.internal.invokers.ParameterHandler.createParameters(ParameterHandler.java:51)
at org.testng.internal.invokers.TestInvoker$MethodInvocationAgent.invoke(TestInvoker.java:959)
at org.testng.internal.invokers.TestInvoker.invokeTestMethods(TestInvoker.java:203)
at org.testng.internal.invokers.TestMethodWorker.invokeTestMethods(TestMethodWorker.java:154)
at org.testng.internal.invokers.TestMethodWorker.run(TestMethodWorker.java:134)
at java.base/java.util.concurrent.Executors$RunnableAdapter.call(Executors.java:572)
at java.base/java.util.concurrent.FutureTask.run(FutureTask.java:317)
at org.testng.internal.thread.graph.TestNGFutureTask.run(TestNGFutureTask.java:22)
at java.base/java.util.concurrent.ThreadPoolExecutor.runWorker(ThreadPoolExecutor.java:1144)
at java.base/java.util.concurrent.ThreadPoolExecutor$Worker.run(ThreadPoolExecutor.java:642)
at java.base/java.lang.Thread.run(Thread.java:1583)
Caused by: java.io.FileNotFoundException: testdata\candidatesdetails.xlsx (The system cannot find the path specified)
at java.base/java.io.FileInputStream.open0(Native Method)
at java.base/java.io.FileInputStream.open(FileInputStream.java:213)
at java.base/java.io.FileInputStream.<init>(FileInputStream.java:152)
at java.base/java.io.FileInputStream.<init>(FileInputStream.java:106)
at com.orange.utils.ExcelUtil.getTestData(ExcelUtil.java:11)
at com.orange.tests.AddCandidateTest.getData(AddCandidateTest.java:37)
at java.base/jdk.internal.reflect.DirectMethodHandleAccessor.invoke(DirectMethodHandleAccessor.java:103)
at java.base/java.lang.reflect.Method.invoke(Method.java:580)
at org.testng.internal.invokers.MethodInvocationHelper.invokeMethod(MethodInvocationHelper.java:141)
at org.testng.internal.invokers.MethodInvocationHelper.invokeMethod(MethodInvocationHelper.java:86)
at org.testng.internal.invokers.MethodInvocationHelper.invokeMethodNoCheckedException(MethodInvocationHelper.java:54)
... 15 more
]]>
            </full-stacktrace>
          </exception> <!-- java.lang.RuntimeException -->
          <reporter-output>
          </reporter-output>
        </test-method> <!-- verifyAddCandidate -->
        <test-method is-config="true" signature="setDriver(org.testng.ITestContext)[pri:0, instance:com.orange.tests.AddCandidateTest@5f9b2141]" started-at="2026-04-14T23:58:10 IST" name="setDriver" finished-at="2026-04-14T23:58:10 IST" duration-ms="11" status="FAIL">
          <params>
            <param index="0">
              <value>
                <![CDATA[org.testng.TestRunner@4904f26e]]>
              </value>
            </param>
          </params>
          <exception class="java.lang.RuntimeException">
            <message>
              <![CDATA[Failed to create RemoteWebDriver]]>
            </message>
            <full-stacktrace>
              <![CDATA[java.lang.RuntimeException: Failed to create RemoteWebDriver
at com.orange.factory.DriverFactory.getRemoteDriver(DriverFactory.java:49)
at com.orange.factory.DriverFactory.createDriver(DriverFactory.java:26)
at com.orange.base.BaseTest.setDriver(BaseTest.java:31)
at java.base/jdk.internal.reflect.DirectMethodHandleAccessor.invoke(DirectMethodHandleAccessor.java:103)
at java.base/java.lang.reflect.Method.invoke(Method.java:580)
at org.testng.internal.invokers.MethodInvocationHelper.invokeMethod(MethodInvocationHelper.java:141)
at org.testng.internal.invokers.MethodInvocationHelper.invokeMethodConsideringTimeout(MethodInvocationHelper.java:71)
at org.testng.internal.invokers.ConfigInvoker.invokeConfigurationMethod(ConfigInvoker.java:400)
at org.testng.internal.invokers.ConfigInvoker.invokeConfigurations(ConfigInvoker.java:333)
at org.testng.internal.invokers.TestInvoker.runConfigMethods(TestInvoker.java:846)
at org.testng.internal.invokers.TestInvoker.invokeMethod(TestInvoker.java:611)
at org.testng.internal.invokers.TestInvoker.invokeTestMethod(TestInvoker.java:230)
at org.testng.internal.invokers.MethodRunner.runInSequence(MethodRunner.java:63)
at org.testng.internal.invokers.TestInvoker$MethodInvocationAgent.invoke(TestInvoker.java:1005)
at org.testng.internal.invokers.TestInvoker.invokeTestMethods(TestInvoker.java:203)
at org.testng.internal.invokers.TestMethodWorker.invokeTestMethods(TestMethodWorker.java:154)
at org.testng.internal.invokers.TestMethodWorker.run(TestMethodWorker.java:134)
at java.base/java.util.concurrent.Executors$RunnableAdapter.call(Executors.java:572)
at java.base/java.util.concurrent.FutureTask.run(FutureTask.java:317)
at org.testng.internal.thread.graph.TestNGFutureTask.run(TestNGFutureTask.java:22)
at java.base/java.util.concurrent.ThreadPoolExecutor.runWorker(ThreadPoolExecutor.java:1144)
at java.base/java.util.concurrent.ThreadPoolExecutor$Worker.run(ThreadPoolExecutor.java:642)
at java.base/java.lang.Thread.run(Thread.java:1583)
Caused by: org.openqa.selenium.SessionNotCreatedException: Could not start a new session. Possible causes are invalid address of the remote server or browser start-up failure. null 
Host info: host: 'ASV', ip: '192.168.1.6'
Build info: version: '4.41.0', revision: '9fc754f'
System info: os.name: 'Windows 11', os.arch: 'amd64', os.version: '10.0', java.version: '21.0.9'
Driver info: org.openqa.selenium.remote.RemoteWebDriver
Command: [null, newSession {capabilities=[Capabilities {browserName: chrome, goog:chromeOptions: {args: [], extensions: []}}]}]
Capabilities {browserName: chrome, goog:chromeOptions: {args: [], extensions: []}}
at org.openqa.selenium.remote.RemoteWebDriver.execute(RemoteWebDriver.java:625)
at org.openqa.selenium.remote.RemoteWebDriver.startSession(RemoteWebDriver.java:288)
at org.openqa.selenium.remote.RemoteWebDriver.<init>(RemoteWebDriver.java:211)
at org.openqa.selenium.remote.RemoteWebDriver.<init>(RemoteWebDriver.java:171)
at org.openqa.selenium.remote.RemoteWebDriver.<init>(RemoteWebDriver.java:167)
at com.orange.factory.DriverFactory.getRemoteDriver(DriverFactory.java:47)
... 22 more
Caused by: org.openqa.selenium.remote.http.jdk.ConnectionException: Connection error (POST http://hub:4444/wd/hub/session)
at org.openqa.selenium.remote.http.jdk.JdkHttpClient.execute0(JdkHttpClient.java:488)
at org.openqa.selenium.remote.http.AddSeleniumUserAgent.lambda$apply$0(AddSeleniumUserAgent.java:44)
at org.openqa.selenium.remote.http.Filter.lambda$andFinally$1(Filter.java:55)
at org.openqa.selenium.remote.http.jdk.JdkHttpClient.lambda$executeAsync$2(JdkHttpClient.java:389)
at java.base/java.util.concurrent.Executors$RunnableAdapter.call(Executors.java:572)
at java.base/java.util.concurrent.FutureTask.run(FutureTask.java:317)
... 3 more
Caused by: java.net.ConnectException
at java.net.http/jdk.internal.net.http.HttpClientImpl.send(HttpClientImpl.java:955)
at java.net.http/jdk.internal.net.http.HttpClientFacade.send(HttpClientFacade.java:133)
at org.openqa.selenium.remote.http.jdk.JdkHttpClient.execute0(JdkHttpClient.java:463)
... 8 more
Caused by: java.net.ConnectException
at java.net.http/jdk.internal.net.http.common.Utils.toConnectException(Utils.java:1065)
at java.net.http/jdk.internal.net.http.PlainHttpConnection.connectAsync(PlainHttpConnection.java:227)
at java.net.http/jdk.internal.net.http.Http1Exchange.sendHeadersAsync(Http1Exchange.java:312)
at java.net.http/jdk.internal.net.http.Exchange.lambda$responseAsyncImpl0$8(Exchange.java:581)
at java.net.http/jdk.internal.net.http.Exchange.checkFor407(Exchange.java:452)
at java.net.http/jdk.internal.net.http.Exchange.lambda$responseAsyncImpl0$9(Exchange.java:585)
at java.base/java.util.concurrent.CompletableFuture.uniHandle(CompletableFuture.java:934)
at java.base/java.util.concurrent.CompletableFuture.uniHandleStage(CompletableFuture.java:950)
at java.base/java.util.concurrent.CompletableFuture.handle(CompletableFuture.java:2372)
at java.net.http/jdk.internal.net.http.Exchange.responseAsyncImpl0(Exchange.java:585)
at java.net.http/jdk.internal.net.http.Exchange.responseAsyncImpl(Exchange.java:428)
at java.net.http/jdk.internal.net.http.Exchange.responseAsync(Exchange.java:420)
at java.net.http/jdk.internal.net.http.MultiExchange.responseAsyncImpl(MultiExchange.java:435)
at java.net.http/jdk.internal.net.http.MultiExchange.lambda$responseAsyncImpl$7(MultiExchange.java:477)
at java.base/java.util.concurrent.CompletableFuture.uniHandle(CompletableFuture.java:934)
at java.base/java.util.concurrent.CompletableFuture.uniHandleStage(CompletableFuture.java:950)
at java.base/java.util.concurrent.CompletableFuture.handle(CompletableFuture.java:2372)
at java.net.http/jdk.internal.net.http.MultiExchange.responseAsyncImpl(MultiExchange.java:467)
at java.net.http/jdk.internal.net.http.MultiExchange.lambda$responseAsync0$2(MultiExchange.java:355)
at java.base/java.util.concurrent.CompletableFuture$UniCompose.tryFire(CompletableFuture.java:1150)
at java.base/java.util.concurrent.CompletableFuture.postComplete(CompletableFuture.java:510)
at java.base/java.util.concurrent.CompletableFuture$AsyncSupply.run(CompletableFuture.java:1773)
at java.net.http/jdk.internal.net.http.HttpClientImpl$DelegatingExecutor.execute(HttpClientImpl.java:177)
at java.base/java.util.concurrent.CompletableFuture.completeAsync(CompletableFuture.java:2719)
at java.net.http/jdk.internal.net.http.MultiExchange.responseAsync(MultiExchange.java:308)
at java.net.http/jdk.internal.net.http.HttpClientImpl.sendAsync(HttpClientImpl.java:1053)
at java.net.http/jdk.internal.net.http.HttpClientImpl.send(HttpClientImpl.java:933)
... 10 more
Caused by: java.nio.channels.UnresolvedAddressException
at java.base/sun.nio.ch.Net.checkAddress(Net.java:137)
at java.base/sun.nio.ch.Net.checkAddress(Net.java:145)
at java.base/sun.nio.ch.SocketChannelImpl.checkRemote(SocketChannelImpl.java:842)
at java.base/sun.nio.ch.SocketChannelImpl.connect(SocketChannelImpl.java:865)
at java.net.http/jdk.internal.net.http.PlainHttpConnection.lambda$connectAsync$1(PlainHttpConnection.java:210)
at java.base/java.security.AccessController.doPrivileged(AccessController.java:571)
at java.net.http/jdk.internal.net.http.PlainHttpConnection.connectAsync(PlainHttpConnection.java:212)
... 35 more
]]>
            </full-stacktrace>
          </exception> <!-- java.lang.RuntimeException -->
          <reporter-output>
          </reporter-output>
        </test-method> <!-- setDriver -->
        <test-method is-config="true" signature="setUpAddCandidatePage()[pri:0, instance:com.orange.tests.AddCandidateTest@5f9b2141]" started-at="2026-04-14T23:58:10 IST" name="setUpAddCandidatePage" finished-at="2026-04-14T23:58:10 IST" duration-ms="0" status="SKIP">
          <reporter-output>
          </reporter-output>
        </test-method> <!-- setUpAddCandidatePage -->
        <test-method signature="verifyAddCandidatePage()[pri:0, instance:com.orange.tests.AddCandidateTest@5f9b2141]" started-at="2026-04-14T23:58:10 IST" name="verifyAddCandidatePage" finished-at="2026-04-14T23:58:10 IST" duration-ms="0" status="SKIP">
          <exception class="java.lang.RuntimeException">
            <message>
              <![CDATA[Failed to create RemoteWebDriver]]>
            </message>
            <full-stacktrace>
              <![CDATA[java.lang.RuntimeException: Failed to create RemoteWebDriver
at com.orange.factory.DriverFactory.getRemoteDriver(DriverFactory.java:49)
at com.orange.factory.DriverFactory.createDriver(DriverFactory.java:26)
at com.orange.base.BaseTest.setDriver(BaseTest.java:31)
at java.base/jdk.internal.reflect.DirectMethodHandleAccessor.invoke(DirectMethodHandleAccessor.java:103)
at java.base/java.lang.reflect.Method.invoke(Method.java:580)
at org.testng.internal.invokers.MethodInvocationHelper.invokeMethod(MethodInvocationHelper.java:141)
at org.testng.internal.invokers.MethodInvocationHelper.invokeMethodConsideringTimeout(MethodInvocationHelper.java:71)
at org.testng.internal.invokers.ConfigInvoker.invokeConfigurationMethod(ConfigInvoker.java:400)
at org.testng.internal.invokers.ConfigInvoker.invokeConfigurations(ConfigInvoker.java:333)
at org.testng.internal.invokers.TestInvoker.runConfigMethods(TestInvoker.java:846)
at org.testng.internal.invokers.TestInvoker.invokeMethod(TestInvoker.java:611)
at org.testng.internal.invokers.TestInvoker.invokeTestMethod(TestInvoker.java:230)
at org.testng.internal.invokers.MethodRunner.runInSequence(MethodRunner.java:63)
at org.testng.internal.invokers.TestInvoker$MethodInvocationAgent.invoke(TestInvoker.java:1005)
at org.testng.internal.invokers.TestInvoker.invokeTestMethods(TestInvoker.java:203)
at org.testng.internal.invokers.TestMethodWorker.invokeTestMethods(TestMethodWorker.java:154)
at org.testng.internal.invokers.TestMethodWorker.run(TestMethodWorker.java:134)
at java.base/java.util.concurrent.Executors$RunnableAdapter.call(Executors.java:572)
at java.base/java.util.concurrent.FutureTask.run(FutureTask.java:317)
at org.testng.internal.thread.graph.TestNGFutureTask.run(TestNGFutureTask.java:22)
at java.base/java.util.concurrent.ThreadPoolExecutor.runWorker(ThreadPoolExecutor.java:1144)
at java.base/java.util.concurrent.ThreadPoolExecutor$Worker.run(ThreadPoolExecutor.java:642)
at java.base/java.lang.Thread.run(Thread.java:1583)
Caused by: org.openqa.selenium.SessionNotCreatedException: Could not start a new session. Possible causes are invalid address of the remote server or browser start-up failure. null 
Host info: host: 'ASV', ip: '192.168.1.6'
Build info: version: '4.41.0', revision: '9fc754f'
System info: os.name: 'Windows 11', os.arch: 'amd64', os.version: '10.0', java.version: '21.0.9'
Driver info: org.openqa.selenium.remote.RemoteWebDriver
Command: [null, newSession {capabilities=[Capabilities {browserName: chrome, goog:chromeOptions: {args: [], extensions: []}}]}]
Capabilities {browserName: chrome, goog:chromeOptions: {args: [], extensions: []}}
at org.openqa.selenium.remote.RemoteWebDriver.execute(RemoteWebDriver.java:625)
at org.openqa.selenium.remote.RemoteWebDriver.startSession(RemoteWebDriver.java:288)
at org.openqa.selenium.remote.RemoteWebDriver.<init>(RemoteWebDriver.java:211)
at org.openqa.selenium.remote.RemoteWebDriver.<init>(RemoteWebDriver.java:171)
at org.openqa.selenium.remote.RemoteWebDriver.<init>(RemoteWebDriver.java:167)
at com.orange.factory.DriverFactory.getRemoteDriver(DriverFactory.java:47)
... 22 more
Caused by: org.openqa.selenium.remote.http.jdk.ConnectionException: Connection error (POST http://hub:4444/wd/hub/session)
at org.openqa.selenium.remote.http.jdk.JdkHttpClient.execute0(JdkHttpClient.java:488)
at org.openqa.selenium.remote.http.AddSeleniumUserAgent.lambda$apply$0(AddSeleniumUserAgent.java:44)
at org.openqa.selenium.remote.http.Filter.lambda$andFinally$1(Filter.java:55)
at org.openqa.selenium.remote.http.jdk.JdkHttpClient.lambda$executeAsync$2(JdkHttpClient.java:389)
at java.base/java.util.concurrent.Executors$RunnableAdapter.call(Executors.java:572)
at java.base/java.util.concurrent.FutureTask.run(FutureTask.java:317)
... 3 more
Caused by: java.net.ConnectException
at java.net.http/jdk.internal.net.http.HttpClientImpl.send(HttpClientImpl.java:955)
at java.net.http/jdk.internal.net.http.HttpClientFacade.send(HttpClientFacade.java:133)
at org.openqa.selenium.remote.http.jdk.JdkHttpClient.execute0(JdkHttpClient.java:463)
... 8 more
Caused by: java.net.ConnectException
at java.net.http/jdk.internal.net.http.common.Utils.toConnectException(Utils.java:1065)
at java.net.http/jdk.internal.net.http.PlainHttpConnection.connectAsync(PlainHttpConnection.java:227)
at java.net.http/jdk.internal.net.http.Http1Exchange.sendHeadersAsync(Http1Exchange.java:312)
at java.net.http/jdk.internal.net.http.Exchange.lambda$responseAsyncImpl0$8(Exchange.java:581)
at java.net.http/jdk.internal.net.http.Exchange.checkFor407(Exchange.java:452)
at java.net.http/jdk.internal.net.http.Exchange.lambda$responseAsyncImpl0$9(Exchange.java:585)
at java.base/java.util.concurrent.CompletableFuture.uniHandle(CompletableFuture.java:934)
at java.base/java.util.concurrent.CompletableFuture.uniHandleStage(CompletableFuture.java:950)
at java.base/java.util.concurrent.CompletableFuture.handle(CompletableFuture.java:2372)
at java.net.http/jdk.internal.net.http.Exchange.responseAsyncImpl0(Exchange.java:585)
at java.net.http/jdk.internal.net.http.Exchange.responseAsyncImpl(Exchange.java:428)
at java.net.http/jdk.internal.net.http.Exchange.responseAsync(Exchange.java:420)
at java.net.http/jdk.internal.net.http.MultiExchange.responseAsyncImpl(MultiExchange.java:435)
at java.net.http/jdk.internal.net.http.MultiExchange.lambda$responseAsyncImpl$7(MultiExchange.java:477)
at java.base/java.util.concurrent.CompletableFuture.uniHandle(CompletableFuture.java:934)
at java.base/java.util.concurrent.CompletableFuture.uniHandleStage(CompletableFuture.java:950)
at java.base/java.util.concurrent.CompletableFuture.handle(CompletableFuture.java:2372)
at java.net.http/jdk.internal.net.http.MultiExchange.responseAsyncImpl(MultiExchange.java:467)
at java.net.http/jdk.internal.net.http.MultiExchange.lambda$responseAsync0$2(MultiExchange.java:355)
at java.base/java.util.concurrent.CompletableFuture$UniCompose.tryFire(CompletableFuture.java:1150)
at java.base/java.util.concurrent.CompletableFuture.postComplete(CompletableFuture.java:510)
at java.base/java.util.concurrent.CompletableFuture$AsyncSupply.run(CompletableFuture.java:1773)
at java.net.http/jdk.internal.net.http.HttpClientImpl$DelegatingExecutor.execute(HttpClientImpl.java:177)
at java.base/java.util.concurrent.CompletableFuture.completeAsync(CompletableFuture.java:2719)
at java.net.http/jdk.internal.net.http.MultiExchange.responseAsync(MultiExchange.java:308)
at java.net.http/jdk.internal.net.http.HttpClientImpl.sendAsync(HttpClientImpl.java:1053)
at java.net.http/jdk.internal.net.http.HttpClientImpl.send(HttpClientImpl.java:933)
... 10 more
Caused by: java.nio.channels.UnresolvedAddressException
at java.base/sun.nio.ch.Net.checkAddress(Net.java:137)
at java.base/sun.nio.ch.Net.checkAddress(Net.java:145)
at java.base/sun.nio.ch.SocketChannelImpl.checkRemote(SocketChannelImpl.java:842)
at java.base/sun.nio.ch.SocketChannelImpl.connect(SocketChannelImpl.java:865)
at java.net.http/jdk.internal.net.http.PlainHttpConnection.lambda$connectAsync$1(PlainHttpConnection.java:210)
at java.base/java.security.AccessController.doPrivileged(AccessController.java:571)
at java.net.http/jdk.internal.net.http.PlainHttpConnection.connectAsync(PlainHttpConnection.java:212)
... 35 more
]]>
            </full-stacktrace>
          </exception> <!-- java.lang.RuntimeException -->
          <reporter-output>
          </reporter-output>
        </test-method> <!-- verifyAddCandidatePage -->
        <test-method is-config="true" signature="quitDriver()[pri:0, instance:com.orange.tests.AddCandidateTest@5f9b2141]" started-at="2026-04-14T23:58:10 IST" name="quitDriver" finished-at="2026-04-14T23:58:10 IST" duration-ms="0" status="SKIP">
          <reporter-output>
          </reporter-output>
        </test-method> <!-- quitDriver -->
      </class> <!-- com.orange.tests.AddCandidateTest -->
    </test> <!-- RegressionTests -->
  </suite> <!-- RegressionSuite -->
  <suite started-at="2026-04-14T23:58:11 IST" name="MasterSuite" finished-at="2026-04-14T23:58:11 IST" duration-ms="0">
    <groups>
    </groups>
  </suite> <!-- MasterSuite -->
</testng-results>
