<?xml version="1.0" encoding="UTF-8"?>
<!-- Generated by org.testng.reporters.JUnitReportReporter -->
<testsuite hostname="ASV" failures="0" tests="2" name="com.orange.tests.RecruitmentTest" time="25.784" errors="0" timestamp="2026-04-12T14:56:34 IST" skipped="0">
  <testcase classname="com.orange.tests.RecruitmentTest" name="verifySearchCandidate" time="13.944"/>
  <testcase classname="com.orange.tests.RecruitmentTest" name="verifyRecruitementPageLoaded" time="11.840"/>
</testsuite> <!-- com.orange.tests.RecruitmentTest -->
