<?xml version="1.0" encoding="UTF-8"?>
<!-- Generated by org.testng.reporters.JUnitReportReporter -->
<testsuite hostname="ASV" failures="0" tests="2" name="com.orange.tests.DashboardTest" time="17.113" errors="0" timestamp="2026-04-12T14:56:34 IST" skipped="0">
  <testcase classname="com.orange.tests.DashboardTest" name="verifyDashboardScrollable" time="7.450"/>
  <testcase classname="com.orange.tests.DashboardTest" name="verifyTimeClickable" time="9.663"/>
</testsuite> <!-- com.orange.tests.DashboardTest -->
