<?xml version="1.0" encoding="UTF-8"?>
<!-- Generated by org.testng.reporters.JUnitReportReporter -->
<testsuite hostname="ASV" failures="0" tests="2" name="com.orange.tests.DashboardTest" time="29.455" errors="0" timestamp="2026-03-27T01:03:13 IST" skipped="0">
  <testcase classname="com.orange.tests.DashboardTest" name="verifyDashboardScrollable" time="9.642"/>
  <testcase classname="com.orange.tests.DashboardTest" name="verifyTimeClickable" time="19.813"/>
</testsuite> <!-- com.orange.tests.DashboardTest -->
