<?xml version="1.0" encoding="UTF-8"?>
<!-- Generated by org.testng.reporters.JUnitReportReporter -->
<testsuite hostname="ASV" failures="0" tests="3" name="com.orange.tests.TimeTest" time="24.054" errors="0" timestamp="2026-04-14T02:07:17 IST" skipped="0">
  <testcase classname="com.orange.tests.TimeTest" name="verifyTimePageLoaded" time="7.646"/>
  <testcase classname="com.orange.tests.TimeTest" name="verifyAllElementsPresent" time="7.460"/>
  <testcase classname="com.orange.tests.TimeTest" name="verifyMyRecords" time="8.948"/>
</testsuite> <!-- com.orange.tests.TimeTest -->
