<?xml version="1.0" encoding="UTF-8"?>
<!-- Generated by org.testng.reporters.JUnitReportReporter -->
<testsuite hostname="ASV" failures="0" tests="5" name="com.orange.tests.AddCandidateTest" time="51.172" errors="0" timestamp="2026-04-12T14:25:32 IST" skipped="0">
  <testcase classname="com.orange.tests.AddCandidateTest" name="verifyAddCandidate" time="10.847"/>
  <testcase classname="com.orange.tests.AddCandidateTest" name="verifyAddCandidate" time="10.336"/>
  <testcase classname="com.orange.tests.AddCandidateTest" name="verifyAddCandidatePage" time="9.309"/>
  <testcase classname="com.orange.tests.AddCandidateTest" name="verifyAddCandidate" time="10.564"/>
  <testcase classname="com.orange.tests.AddCandidateTest" name="verifyAddCandidate" time="10.116"/>
</testsuite> <!-- com.orange.tests.AddCandidateTest -->
