<?xml version="1.0" encoding="UTF-8"?>
<!-- Generated by org.testng.reporters.JUnitReportReporter -->
<testsuite hostname="ASV" failures="0" tests="3" name="com.orange.tests.TimeTest" time="48.939" errors="0" timestamp="2026-03-30T02:10:20 IST" skipped="0">
  <testcase classname="com.orange.tests.TimeTest" name="verifyMyRecords" time="22.993"/>
  <testcase classname="com.orange.tests.TimeTest" name="verifyAllElementsPresent" time="13.270"/>
  <testcase classname="com.orange.tests.TimeTest" name="verifyTimePageLoaded" time="12.676"/>
</testsuite> <!-- com.orange.tests.TimeTest -->
