<?xml version="1.0" encoding="UTF-8"?>
<!-- Generated by org.testng.reporters.JUnitReportReporter -->
<testsuite hostname="ASV" failures="0" tests="2" name="com.orange.tests.RecruitmentTest" time="55.996" errors="0" timestamp="2026-04-02T22:51:36 IST" skipped="0">
  <testcase classname="com.orange.tests.RecruitmentTest" name="verifyRecruitementPageLoaded" time="32.739"/>
  <testcase classname="com.orange.tests.RecruitmentTest" name="verifySearchCandidate" time="23.257"/>
</testsuite> <!-- com.orange.tests.RecruitmentTest -->
