<?xml version="1.0" encoding="UTF-8"?>
<!-- Generated by org.testng.reporters.JUnitReportReporter -->
<testsuite hostname="ASV" failures="0" tests="5" name="com.orange.tests.AddCandidateTest" time="64.971" errors="0" timestamp="2026-04-12T20:29:35 IST" skipped="0">
  <testcase classname="com.orange.tests.AddCandidateTest" name="verifyAddCandidate" time="11.792"/>
  <testcase classname="com.orange.tests.AddCandidateTest" name="verifyAddCandidate" time="13.124"/>
  <testcase classname="com.orange.tests.AddCandidateTest" name="verifyAddCandidate" time="14.694"/>
  <testcase classname="com.orange.tests.AddCandidateTest" name="verifyAddCandidatePage" time="14.073"/>
  <testcase classname="com.orange.tests.AddCandidateTest" name="verifyAddCandidate" time="11.288"/>
</testsuite> <!-- com.orange.tests.AddCandidateTest -->
