<?xml version="1.0" encoding="UTF-8"?>
<!-- Generated by org.testng.reporters.JUnitReportReporter -->
<testsuite hostname="ASV" failures="0" tests="2" name="com.orange.tests.DashboardTest" time="35.039" errors="0" timestamp="2026-03-31T01:04:01 IST" skipped="0">
  <testcase classname="com.orange.tests.DashboardTest" name="verifyTimeClickable" time="18.859"/>
  <testcase classname="com.orange.tests.DashboardTest" name="verifyDashboardScrollable" time="16.180"/>
</testsuite> <!-- com.orange.tests.DashboardTest -->
