<?xml version="1.0" encoding="UTF-8"?>
<!-- Generated by org.testng.reporters.JUnitReportReporter -->
<testsuite hostname="ASV" failures="0" tests="3" name="com.orange.tests.TimeTest" time="29.724" errors="0" timestamp="2026-04-12T15:15:00 IST" skipped="0">
  <testcase classname="com.orange.tests.TimeTest" name="verifyTimePageLoaded" time="8.683"/>
  <testcase classname="com.orange.tests.TimeTest" name="verifyMyRecords" time="12.370"/>
  <testcase classname="com.orange.tests.TimeTest" name="verifyAllElementsPresent" time="8.671"/>
</testsuite> <!-- com.orange.tests.TimeTest -->
